2021-04-27 10:50:33,056 INFO o.a.j.u.JMeterUtils: Setting Locale to en_EN
2021-04-27 10:50:33,090 INFO o.a.j.JMeter: Loading user properties from: /mnt/sda2/home/joellobo/new/dev/tools/apache-jmeter-5.4.1/bin/user.properties
2021-04-27 10:50:33,091 INFO o.a.j.JMeter: Loading system properties from: /mnt/sda2/home/joellobo/new/dev/tools/apache-jmeter-5.4.1/bin/system.properties
2021-04-27 10:50:33,102 INFO o.a.j.JMeter: Copyright (c) 1998-2021 The Apache Software Foundation
2021-04-27 10:50:33,103 INFO o.a.j.JMeter: Version 5.4.1
2021-04-27 10:50:33,103 INFO o.a.j.JMeter: java.version=11.0.10
2021-04-27 10:50:33,103 INFO o.a.j.JMeter: java.vm.name=OpenJDK 64-Bit Server VM
2021-04-27 10:50:33,103 INFO o.a.j.JMeter: os.name=Linux
2021-04-27 10:50:33,103 INFO o.a.j.JMeter: os.arch=amd64
2021-04-27 10:50:33,103 INFO o.a.j.JMeter: os.version=5.8.0-50-generic
2021-04-27 10:50:33,104 INFO o.a.j.JMeter: file.encoding=UTF-8
2021-04-27 10:50:33,104 INFO o.a.j.JMeter: java.awt.headless=null
2021-04-27 10:50:33,104 INFO o.a.j.JMeter: Max memory     =1073741824
2021-04-27 10:50:33,104 INFO o.a.j.JMeter: Available Processors =4
2021-04-27 10:50:33,123 INFO o.a.j.JMeter: Default Locale=English (EN)
2021-04-27 10:50:33,123 INFO o.a.j.JMeter: JMeter  Locale=English (EN)
2021-04-27 10:50:33,124 INFO o.a.j.JMeter: JMeterHome=/mnt/sda2/home/joellobo/new/dev/tools/apache-jmeter-5.4.1
2021-04-27 10:50:33,124 INFO o.a.j.JMeter: user.dir  =/mnt/sda2/home/joellobo/new/dev/github/jmeter-playground
2021-04-27 10:50:33,124 INFO o.a.j.JMeter: PWD       =/mnt/sda2/home/joellobo/new/dev/github/jmeter-playground
2021-04-27 10:50:33,125 INFO o.a.j.JMeter: IP: 127.0.1.1 Name: joellobo-XPS-L421X FullName: joellobo-XPS-L421X
2021-04-27 10:50:33,524 INFO o.a.j.JMeter: Setting LAF to: com.github.weisj.darklaf.DarkLaf:com.github.weisj.darklaf.theme.DarculaTheme
2021-04-27 10:50:34,407 INFO o.a.j.JMeter: Loaded icon properties from org/apache/jmeter/images/icon.properties
2021-04-27 10:50:36,679 INFO o.j.r.JARSourceHTTP: Found cached repo
2021-04-27 10:50:37,066 INFO o.j.r.PluginManager: Plugins Status: [jpgc-graphs-basic=2.0, jpgc-graphs-additional=2.0, jpgc-cmd=2.2, jpgc-csl=0.1, jpgc-casutg=2.9, jpgc-ggl=2.0, jpgc-plugins-manager=1.6, jmeter-core=5.4.1, jmeter-ftp=5.4.1, jmeter-http=5.4.1, jmeter-jdbc=5.4.1, jmeter-jms=5.4.1, jmeter-junit=5.4.1, jmeter-java=5.4.1, jmeter-ldap=5.4.1, jmeter-mail=5.4.1, jmeter-mongodb=5.4.1, jmeter-native=5.4.1, jmeter-tcp=5.4.1, jmeter-components=5.4.1]
2021-04-27 10:50:37,303 INFO o.a.j.JMeter: Loading file: test-plan-003.jmx
2021-04-27 10:50:37,306 INFO o.a.j.s.FileServer: Default base='/mnt/sda2/home/joellobo/new/dev/github/jmeter-playground'
2021-04-27 10:50:37,307 INFO o.a.j.s.FileServer: Set new base='/mnt/sda2/home/joellobo/new/dev/github/jmeter-playground'
2021-04-27 10:50:37,882 INFO o.a.j.s.SaveService: Testplan (JMX) version: 2.2. Testlog (JTL) version: 2.2
2021-04-27 10:50:37,913 INFO o.a.j.s.SaveService: Using SaveService properties version 5.0
2021-04-27 10:50:37,917 INFO o.a.j.s.SaveService: Using SaveService properties file encoding UTF-8
2021-04-27 10:50:37,921 INFO o.a.j.s.SaveService: Loading file: test-plan-003.jmx
2021-04-27 10:50:38,193 INFO o.a.j.p.h.s.HTTPSamplerBase: Parser for text/html is org.apache.jmeter.protocol.http.parser.LagartoBasedHtmlParser
2021-04-27 10:50:38,194 INFO o.a.j.p.h.s.HTTPSamplerBase: Parser for application/xhtml+xml is org.apache.jmeter.protocol.http.parser.LagartoBasedHtmlParser
2021-04-27 10:50:38,194 INFO o.a.j.p.h.s.HTTPSamplerBase: Parser for application/xml is org.apache.jmeter.protocol.http.parser.LagartoBasedHtmlParser
2021-04-27 10:50:38,195 INFO o.a.j.p.h.s.HTTPSamplerBase: Parser for text/xml is org.apache.jmeter.protocol.http.parser.LagartoBasedHtmlParser
2021-04-27 10:50:38,195 INFO o.a.j.p.h.s.HTTPSamplerBase: Parser for text/vnd.wap.wml is org.apache.jmeter.protocol.http.parser.RegexpHTMLParser
2021-04-27 10:50:38,195 INFO o.a.j.p.h.s.HTTPSamplerBase: Parser for text/css is org.apache.jmeter.protocol.http.parser.CssParser
2021-04-27 10:50:38,300 INFO o.a.j.s.FileServer: Set new base='/mnt/sda2/home/joellobo/new/dev/github/jmeter-playground'
2021-04-27 10:50:38,453 WARN o.a.j.t.g.GenericTestBeanCustomizer: kg.apc.jmeter.listener.GraphsGeneratorListener#graphWidth(int) has a DEFAULT of class java.lang.String
2021-04-27 10:50:38,455 WARN o.a.j.t.g.GenericTestBeanCustomizer: kg.apc.jmeter.listener.GraphsGeneratorListener#graphHeight(int) has a DEFAULT of class java.lang.String
2021-04-27 10:50:38,866 INFO o.a.j.s.SampleResult: Note: Sample TimeStamps are START times
2021-04-27 10:50:38,867 INFO o.a.j.s.SampleResult: sampleresult.default.encoding is set to ISO-8859-1
2021-04-27 10:50:38,867 INFO o.a.j.s.SampleResult: sampleresult.useNanoTime=true
2021-04-27 10:50:38,867 INFO o.a.j.s.SampleResult: sampleresult.nanoThreadSleep=5000
2021-04-27 10:50:39,130 INFO o.a.j.v.ViewResultsFullVisualizer: Add JavaFX to your Java installation if you want to use renderer: org.apache.jmeter.visualizers.RenderInBrowser
2021-04-27 10:51:53,964 INFO o.a.j.e.StandardJMeterEngine: Running the test!
2021-04-27 10:51:53,965 INFO o.a.j.s.SampleEvent: List of sample_variables: []
2021-04-27 10:51:53,966 INFO o.a.j.s.SampleEvent: List of sample_variables: []
2021-04-27 10:51:53,968 INFO o.a.j.e.u.CompoundVariable: Note: Function class names must contain the string: '.functions.'
2021-04-27 10:51:53,968 INFO o.a.j.e.u.CompoundVariable: Note: Function class names must not contain the string: '.gui.'
2021-04-27 10:51:54,373 INFO o.a.j.g.u.JMeterMenuBar: setRunning(true, *local*)
2021-04-27 10:51:54,474 INFO o.a.j.e.StandardJMeterEngine: Starting ThreadGroup: 1 : Thread Group
2021-04-27 10:51:54,475 INFO o.a.j.e.StandardJMeterEngine: Starting 300 threads for group Thread Group.
2021-04-27 10:51:54,475 INFO o.a.j.e.StandardJMeterEngine: Thread will continue on error
2021-04-27 10:51:54,475 INFO o.a.j.t.ThreadGroup: Starting thread group... number=1 threads=300 ramp-up=1 delayedStart=false
2021-04-27 10:51:54,485 INFO o.a.j.t.JMeterThread: Thread started: Thread Group 1-2
2021-04-27 10:51:54,495 INFO o.a.j.t.JMeterThread: Thread started: Thread Group 1-1
2021-04-27 10:51:54,504 INFO o.a.j.t.JMeterThread: Thread started: Thread Group 1-3
2021-04-27 10:51:54,507 INFO o.a.j.t.JMeterThread: Thread started: Thread Group 1-4
2021-04-27 10:51:54,509 INFO o.a.j.t.JMeterThread: Thread started: Thread Group 1-5
2021-04-27 10:51:54,511 INFO o.a.j.t.JMeterThread: Thread started: Thread Group 1-6
2021-04-27 10:51:54,513 INFO o.a.j.t.JMeterThread: Thread started: Thread Group 1-10
2021-04-27 10:51:54,516 INFO o.a.j.t.JMeterThread: Thread started: Thread Group 1-12
2021-04-27 10:51:54,516 INFO o.a.j.t.JMeterThread: Thread started: Thread Group 1-7
2021-04-27 10:51:54,519 INFO o.a.j.t.JMeterThread: Thread started: Thread Group 1-8
2021-04-27 10:51:54,526 INFO o.a.j.t.JMeterThread: Thread started: Thread Group 1-11
2021-04-27 10:51:54,528 INFO o.a.j.t.JMeterThread: Thread started: Thread Group 1-9
2021-04-27 10:51:54,531 INFO o.a.j.t.JMeterThread: Thread started: Thread Group 1-13
2021-04-27 10:51:54,538 INFO o.a.j.t.JMeterThread: Thread started: Thread Group 1-14
2021-04-27 10:51:54,540 INFO o.a.j.t.JMeterThread: Thread started: Thread Group 1-15
2021-04-27 10:51:54,540 INFO o.a.j.t.JMeterThread: Thread started: Thread Group 1-16
2021-04-27 10:51:54,547 INFO o.a.j.t.JMeterThread: Thread started: Thread Group 1-17
2021-04-27 10:51:54,550 INFO o.a.j.p.h.s.HTTPHCAbstractImpl: Local host = joellobo-XPS-L421X
2021-04-27 10:51:54,567 INFO o.a.j.p.h.s.HTTPHC4Impl: HTTP request retry count = 0
2021-04-27 10:51:54,567 INFO o.a.j.t.JMeterThread: Thread started: Thread Group 1-18
2021-04-27 10:51:54,567 INFO o.a.j.t.JMeterThread: Thread started: Thread Group 1-19
2021-04-27 10:51:54,570 INFO o.a.j.t.JMeterThread: Thread started: Thread Group 1-20
2021-04-27 10:51:54,572 INFO o.a.j.t.JMeterThread: Thread started: Thread Group 1-21
2021-04-27 10:51:54,575 INFO o.a.j.t.JMeterThread: Thread started: Thread Group 1-22
2021-04-27 10:51:54,578 INFO o.a.j.t.JMeterThread: Thread started: Thread Group 1-23
2021-04-27 10:51:54,585 INFO o.a.j.t.JMeterThread: Thread started: Thread Group 1-24
2021-04-27 10:51:54,589 INFO o.a.j.t.JMeterThread: Thread started: Thread Group 1-25
2021-04-27 10:51:54,595 INFO o.a.j.t.JMeterThread: Thread started: Thread Group 1-26
2021-04-27 10:51:54,602 INFO o.a.j.t.JMeterThread: Thread started: Thread Group 1-27
2021-04-27 10:51:54,608 INFO o.a.j.t.JMeterThread: Thread started: Thread Group 1-28
2021-04-27 10:51:54,615 INFO o.a.j.t.JMeterThread: Thread started: Thread Group 1-29
2021-04-27 10:51:54,620 INFO o.a.j.t.JMeterThread: Thread started: Thread Group 1-30
2021-04-27 10:51:54,625 INFO o.a.j.t.JMeterThread: Thread started: Thread Group 1-31
2021-04-27 10:51:54,628 INFO o.a.j.t.JMeterThread: Thread started: Thread Group 1-32
2021-04-27 10:51:54,631 INFO o.a.j.t.JMeterThread: Thread started: Thread Group 1-33
2021-04-27 10:51:54,632 INFO o.a.j.t.JMeterThread: Thread started: Thread Group 1-34
2021-04-27 10:51:54,640 INFO o.a.j.t.JMeterThread: Thread started: Thread Group 1-35
2021-04-27 10:51:54,641 INFO o.a.j.t.JMeterThread: Thread started: Thread Group 1-36
2021-04-27 10:51:54,645 INFO o.a.j.t.JMeterThread: Thread started: Thread Group 1-37
2021-04-27 10:51:54,654 INFO o.a.j.t.JMeterThread: Thread started: Thread Group 1-38
2021-04-27 10:51:54,660 INFO o.a.j.t.JMeterThread: Thread started: Thread Group 1-39
2021-04-27 10:51:54,679 INFO o.a.j.t.JMeterThread: Thread started: Thread Group 1-41
2021-04-27 10:51:54,681 INFO o.a.j.t.JMeterThread: Thread started: Thread Group 1-42
2021-04-27 10:51:54,695 INFO o.a.j.t.JMeterThread: Thread started: Thread Group 1-40
2021-04-27 10:51:54,699 INFO o.a.j.t.JMeterThread: Thread started: Thread Group 1-44
2021-04-27 10:51:54,702 INFO o.a.j.t.JMeterThread: Thread started: Thread Group 1-45
2021-04-27 10:51:54,705 INFO o.a.j.t.JMeterThread: Thread started: Thread Group 1-46
2021-04-27 10:51:54,715 INFO o.a.j.t.JMeterThread: Thread started: Thread Group 1-47
2021-04-27 10:51:54,724 INFO o.a.j.t.JMeterThread: Thread started: Thread Group 1-48
2021-04-27 10:51:54,727 INFO o.a.j.t.JMeterThread: Thread started: Thread Group 1-43
2021-04-27 10:51:54,728 INFO o.a.j.t.JMeterThread: Thread started: Thread Group 1-49
2021-04-27 10:51:54,739 INFO o.a.j.t.JMeterThread: Thread started: Thread Group 1-52
2021-04-27 10:51:54,742 INFO o.a.j.t.JMeterThread: Thread started: Thread Group 1-51
2021-04-27 10:51:54,745 INFO o.a.j.t.JMeterThread: Thread started: Thread Group 1-50
2021-04-27 10:51:54,748 INFO o.a.j.t.JMeterThread: Thread started: Thread Group 1-53
2021-04-27 10:51:54,751 INFO o.a.j.t.JMeterThread: Thread started: Thread Group 1-54
2021-04-27 10:51:54,754 INFO o.a.j.t.JMeterThread: Thread started: Thread Group 1-55
2021-04-27 10:51:54,758 INFO o.a.j.t.JMeterThread: Thread started: Thread Group 1-56
2021-04-27 10:51:54,761 INFO o.a.j.t.JMeterThread: Thread started: Thread Group 1-57
2021-04-27 10:51:54,766 INFO o.a.j.t.JMeterThread: Thread started: Thread Group 1-58
2021-04-27 10:51:54,774 INFO o.a.j.t.JMeterThread: Thread started: Thread Group 1-59
2021-04-27 10:51:54,775 INFO o.a.j.t.JMeterThread: Thread started: Thread Group 1-60
2021-04-27 10:51:54,787 INFO o.a.j.t.JMeterThread: Thread started: Thread Group 1-61
2021-04-27 10:51:54,788 INFO o.a.j.t.JMeterThread: Thread started: Thread Group 1-62
2021-04-27 10:51:54,790 INFO o.a.j.t.JMeterThread: Thread started: Thread Group 1-63
2021-04-27 10:51:54,796 INFO o.a.j.t.JMeterThread: Thread started: Thread Group 1-64
2021-04-27 10:51:54,797 INFO o.a.j.t.JMeterThread: Thread started: Thread Group 1-65
2021-04-27 10:51:54,802 INFO o.a.j.t.JMeterThread: Thread started: Thread Group 1-67
2021-04-27 10:51:54,808 INFO o.a.j.t.JMeterThread: Thread started: Thread Group 1-66
2021-04-27 10:51:54,812 INFO o.a.j.t.JMeterThread: Thread started: Thread Group 1-69
2021-04-27 10:51:54,815 INFO o.a.j.t.JMeterThread: Thread started: Thread Group 1-70
2021-04-27 10:51:54,815 INFO o.a.j.t.JMeterThread: Thread started: Thread Group 1-68
2021-04-27 10:51:54,819 INFO o.a.j.t.JMeterThread: Thread started: Thread Group 1-71
2021-04-27 10:51:54,828 INFO o.a.j.t.JMeterThread: Thread started: Thread Group 1-72
2021-04-27 10:51:54,835 INFO o.a.j.t.JMeterThread: Thread started: Thread Group 1-73
2021-04-27 10:51:54,845 INFO o.a.j.t.JMeterThread: Thread started: Thread Group 1-74
2021-04-27 10:51:54,851 INFO o.a.j.t.JMeterThread: Thread started: Thread Group 1-75
2021-04-27 10:51:54,859 INFO o.a.j.t.JMeterThread: Thread started: Thread Group 1-77
2021-04-27 10:51:54,858 INFO o.a.j.t.JMeterThread: Thread started: Thread Group 1-76
2021-04-27 10:51:54,871 INFO o.a.j.t.JMeterThread: Thread started: Thread Group 1-78
2021-04-27 10:51:54,876 INFO o.a.j.t.JMeterThread: Thread started: Thread Group 1-79
2021-04-27 10:51:54,882 INFO o.a.j.t.JMeterThread: Thread started: Thread Group 1-80
2021-04-27 10:51:54,887 INFO o.a.j.t.JMeterThread: Thread started: Thread Group 1-81
2021-04-27 10:51:54,889 INFO o.a.j.t.JMeterThread: Thread started: Thread Group 1-82
2021-04-27 10:51:54,896 INFO o.a.j.t.JMeterThread: Thread started: Thread Group 1-83
2021-04-27 10:51:54,896 INFO o.a.j.t.JMeterThread: Thread started: Thread Group 1-84
2021-04-27 10:51:54,897 INFO o.a.j.t.JMeterThread: Thread started: Thread Group 1-85
2021-04-27 10:51:54,901 INFO o.a.j.t.JMeterThread: Thread started: Thread Group 1-86
2021-04-27 10:51:54,904 INFO o.a.j.t.JMeterThread: Thread started: Thread Group 1-87
2021-04-27 10:51:54,909 INFO o.a.j.t.JMeterThread: Thread started: Thread Group 1-88
2021-04-27 10:51:54,914 INFO o.a.j.t.JMeterThread: Thread started: Thread Group 1-89
2021-04-27 10:51:54,918 INFO o.a.j.t.JMeterThread: Thread started: Thread Group 1-90
2021-04-27 10:51:54,920 INFO o.a.j.t.JMeterThread: Thread started: Thread Group 1-92
2021-04-27 10:51:54,923 INFO o.a.j.t.JMeterThread: Thread started: Thread Group 1-93
2021-04-27 10:51:54,925 INFO o.a.j.t.JMeterThread: Thread started: Thread Group 1-91
2021-04-27 10:51:54,935 INFO o.a.j.t.JMeterThread: Thread started: Thread Group 1-94
2021-04-27 10:51:54,935 INFO o.a.j.t.JMeterThread: Thread started: Thread Group 1-95
2021-04-27 10:51:54,938 INFO o.a.j.t.JMeterThread: Thread started: Thread Group 1-96
2021-04-27 10:51:54,941 INFO o.a.j.t.JMeterThread: Thread started: Thread Group 1-97
2021-04-27 10:51:54,944 INFO o.a.j.t.JMeterThread: Thread started: Thread Group 1-98
2021-04-27 10:51:54,945 INFO o.a.j.t.JMeterThread: Thread started: Thread Group 1-99
2021-04-27 10:51:54,946 INFO o.a.j.t.JMeterThread: Thread started: Thread Group 1-100
2021-04-27 10:51:54,947 INFO o.a.j.t.JMeterThread: Thread started: Thread Group 1-101
2021-04-27 10:51:54,948 INFO o.a.j.t.JMeterThread: Thread started: Thread Group 1-102
2021-04-27 10:51:54,957 INFO o.a.j.t.JMeterThread: Thread started: Thread Group 1-103
2021-04-27 10:51:54,960 INFO o.a.j.t.JMeterThread: Thread started: Thread Group 1-104
2021-04-27 10:51:54,964 INFO o.a.j.t.JMeterThread: Thread started: Thread Group 1-105
2021-04-27 10:51:54,967 INFO o.a.j.t.JMeterThread: Thread started: Thread Group 1-106
2021-04-27 10:51:54,970 INFO o.a.j.t.JMeterThread: Thread started: Thread Group 1-107
2021-04-27 10:51:54,974 INFO o.a.j.t.JMeterThread: Thread started: Thread Group 1-109
2021-04-27 10:51:54,975 INFO o.a.j.t.JMeterThread: Thread started: Thread Group 1-110
2021-04-27 10:51:54,979 INFO o.a.j.t.JMeterThread: Thread started: Thread Group 1-108
2021-04-27 10:51:54,979 INFO o.a.j.t.JMeterThread: Thread started: Thread Group 1-111
2021-04-27 10:51:54,982 INFO o.a.j.t.JMeterThread: Thread started: Thread Group 1-112
2021-04-27 10:51:54,987 INFO o.a.j.t.JMeterThread: Thread started: Thread Group 1-113
2021-04-27 10:51:54,988 INFO o.a.j.t.JMeterThread: Thread started: Thread Group 1-115
2021-04-27 10:51:54,988 INFO o.a.j.t.JMeterThread: Thread started: Thread Group 1-116
2021-04-27 10:51:54,989 INFO o.a.j.t.JMeterThread: Thread started: Thread Group 1-118
2021-04-27 10:51:54,989 INFO o.a.j.t.JMeterThread: Thread started: Thread Group 1-114
2021-04-27 10:51:55,001 INFO o.a.j.t.JMeterThread: Thread started: Thread Group 1-119
2021-04-27 10:51:55,005 INFO o.a.j.t.JMeterThread: Thread started: Thread Group 1-120
2021-04-27 10:51:55,007 INFO o.a.j.t.JMeterThread: Thread started: Thread Group 1-117
2021-04-27 10:51:55,008 INFO o.a.j.t.JMeterThread: Thread started: Thread Group 1-121
2021-04-27 10:51:55,010 INFO o.a.j.t.JMeterThread: Thread started: Thread Group 1-122
2021-04-27 10:51:55,015 INFO o.a.j.t.JMeterThread: Thread started: Thread Group 1-123
2021-04-27 10:51:55,021 INFO o.a.j.t.JMeterThread: Thread started: Thread Group 1-124
2021-04-27 10:51:55,031 INFO o.a.j.t.JMeterThread: Thread started: Thread Group 1-125
2021-04-27 10:51:55,032 INFO o.a.j.t.JMeterThread: Thread started: Thread Group 1-126
2021-04-27 10:51:55,035 INFO o.a.j.t.JMeterThread: Thread started: Thread Group 1-127
2021-04-27 10:51:55,038 INFO o.a.j.t.JMeterThread: Thread started: Thread Group 1-128
2021-04-27 10:51:55,045 INFO o.a.j.t.JMeterThread: Thread started: Thread Group 1-129
2021-04-27 10:51:55,049 INFO o.a.j.t.JMeterThread: Thread started: Thread Group 1-130
2021-04-27 10:51:55,051 INFO o.a.j.t.JMeterThread: Thread started: Thread Group 1-131
2021-04-27 10:51:55,054 INFO o.a.j.t.JMeterThread: Thread started: Thread Group 1-132
2021-04-27 10:51:55,057 INFO o.a.j.t.JMeterThread: Thread started: Thread Group 1-133
2021-04-27 10:51:55,061 INFO o.a.j.t.JMeterThread: Thread started: Thread Group 1-134
2021-04-27 10:51:55,068 INFO o.a.j.t.JMeterThread: Thread started: Thread Group 1-135
2021-04-27 10:51:55,071 INFO o.a.j.t.JMeterThread: Thread started: Thread Group 1-136
2021-04-27 10:51:55,082 INFO o.a.j.t.JMeterThread: Thread started: Thread Group 1-137
2021-04-27 10:51:55,084 INFO o.a.j.t.JMeterThread: Thread started: Thread Group 1-138
2021-04-27 10:51:55,091 INFO o.a.j.t.JMeterThread: Thread started: Thread Group 1-140
2021-04-27 10:51:55,098 INFO o.a.j.t.JMeterThread: Thread started: Thread Group 1-141
2021-04-27 10:51:55,101 INFO o.a.j.t.JMeterThread: Thread started: Thread Group 1-139
2021-04-27 10:51:55,108 INFO o.a.j.t.JMeterThread: Thread started: Thread Group 1-144
2021-04-27 10:51:55,108 INFO o.a.j.t.JMeterThread: Thread started: Thread Group 1-143
2021-04-27 10:51:55,112 INFO o.a.j.t.JMeterThread: Thread started: Thread Group 1-145
2021-04-27 10:51:55,114 INFO o.a.j.t.JMeterThread: Thread started: Thread Group 1-146
2021-04-27 10:51:55,117 INFO o.a.j.t.JMeterThread: Thread is done: Thread Group 1-40
2021-04-27 10:51:55,117 INFO o.a.j.t.JMeterThread: Thread finished: Thread Group 1-40
2021-04-27 10:51:55,106 INFO o.a.j.t.JMeterThread: Thread started: Thread Group 1-142
2021-04-27 10:51:55,128 INFO o.a.j.t.JMeterThread: Thread is done: Thread Group 1-5
2021-04-27 10:51:55,129 INFO o.a.j.t.JMeterThread: Thread finished: Thread Group 1-5
2021-04-27 10:51:55,130 INFO o.a.j.t.JMeterThread: Thread started: Thread Group 1-151
2021-04-27 10:51:55,130 INFO o.a.j.t.JMeterThread: Thread started: Thread Group 1-148
2021-04-27 10:51:55,131 INFO o.a.j.t.JMeterThread: Thread is done: Thread Group 1-63
2021-04-27 10:51:55,131 INFO o.a.j.t.JMeterThread: Thread finished: Thread Group 1-63
2021-04-27 10:51:55,129 INFO o.a.j.t.JMeterThread: Thread started: Thread Group 1-149
2021-04-27 10:51:55,132 INFO o.a.j.t.JMeterThread: Thread is done: Thread Group 1-52
2021-04-27 10:51:55,132 INFO o.a.j.t.JMeterThread: Thread finished: Thread Group 1-52
2021-04-27 10:51:55,132 INFO o.a.j.t.JMeterThread: Thread is done: Thread Group 1-53
2021-04-27 10:51:55,133 INFO o.a.j.t.JMeterThread: Thread finished: Thread Group 1-53
2021-04-27 10:51:55,133 INFO o.a.j.t.JMeterThread: Thread is done: Thread Group 1-61
2021-04-27 10:51:55,134 INFO o.a.j.t.JMeterThread: Thread finished: Thread Group 1-61
2021-04-27 10:51:55,134 INFO o.a.j.t.JMeterThread: Thread is done: Thread Group 1-60
2021-04-27 10:51:55,134 INFO o.a.j.t.JMeterThread: Thread finished: Thread Group 1-60
2021-04-27 10:51:55,135 INFO o.a.j.t.JMeterThread: Thread is done: Thread Group 1-51
2021-04-27 10:51:55,130 INFO o.a.j.t.JMeterThread: Thread is done: Thread Group 1-59
2021-04-27 10:51:55,136 INFO o.a.j.t.JMeterThread: Thread finished: Thread Group 1-59
2021-04-27 10:51:55,137 INFO o.a.j.t.JMeterThread: Thread is done: Thread Group 1-16
2021-04-27 10:51:55,137 INFO o.a.j.t.JMeterThread: Thread finished: Thread Group 1-51
2021-04-27 10:51:55,137 INFO o.a.j.t.JMeterThread: Thread finished: Thread Group 1-16
2021-04-27 10:51:55,130 INFO o.a.j.t.JMeterThread: Thread started: Thread Group 1-150
2021-04-27 10:51:55,130 INFO o.a.j.t.JMeterThread: Thread is done: Thread Group 1-56
2021-04-27 10:51:55,137 INFO o.a.j.t.JMeterThread: Thread finished: Thread Group 1-56
2021-04-27 10:51:55,142 INFO o.a.j.t.JMeterThread: Thread is done: Thread Group 1-62
2021-04-27 10:51:55,142 INFO o.a.j.t.JMeterThread: Thread finished: Thread Group 1-62
2021-04-27 10:51:55,143 INFO o.a.j.t.JMeterThread: Thread is done: Thread Group 1-50
2021-04-27 10:51:55,143 INFO o.a.j.t.JMeterThread: Thread finished: Thread Group 1-50
2021-04-27 10:51:55,144 INFO o.a.j.t.JMeterThread: Thread is done: Thread Group 1-58
2021-04-27 10:51:55,144 INFO o.a.j.t.JMeterThread: Thread finished: Thread Group 1-58
2021-04-27 10:51:55,144 INFO o.a.j.t.JMeterThread: Thread is done: Thread Group 1-57
2021-04-27 10:51:55,144 INFO o.a.j.t.JMeterThread: Thread finished: Thread Group 1-57
2021-04-27 10:51:55,145 INFO o.a.j.t.JMeterThread: Thread started: Thread Group 1-153
2021-04-27 10:51:55,147 INFO o.a.j.t.JMeterThread: Thread started: Thread Group 1-152
2021-04-27 10:51:55,157 INFO o.a.j.t.JMeterThread: Thread is done: Thread Group 1-69
2021-04-27 10:51:55,157 INFO o.a.j.t.JMeterThread: Thread is done: Thread Group 1-75
2021-04-27 10:51:55,157 INFO o.a.j.t.JMeterThread: Thread is done: Thread Group 1-55
2021-04-27 10:51:55,157 INFO o.a.j.t.JMeterThread: Thread finished: Thread Group 1-69
2021-04-27 10:51:55,157 INFO o.a.j.t.JMeterThread: Thread finished: Thread Group 1-75
2021-04-27 10:51:55,157 INFO o.a.j.t.JMeterThread: Thread is done: Thread Group 1-73
2021-04-27 10:51:55,157 INFO o.a.j.t.JMeterThread: Thread is done: Thread Group 1-71
2021-04-27 10:51:55,157 INFO o.a.j.t.JMeterThread: Thread finished: Thread Group 1-71
2021-04-27 10:51:55,157 INFO o.a.j.t.JMeterThread: Thread finished: Thread Group 1-55
2021-04-27 10:51:55,157 INFO o.a.j.t.JMeterThread: Thread finished: Thread Group 1-73
2021-04-27 10:51:55,157 INFO o.a.j.t.JMeterThread: Thread is done: Thread Group 1-74
2021-04-27 10:51:55,157 INFO o.a.j.t.JMeterThread: Thread finished: Thread Group 1-74
2021-04-27 10:51:55,158 INFO o.a.j.t.JMeterThread: Thread is done: Thread Group 1-15
2021-04-27 10:51:55,158 INFO o.a.j.t.JMeterThread: Thread finished: Thread Group 1-15
2021-04-27 10:51:55,158 INFO o.a.j.t.JMeterThread: Thread is done: Thread Group 1-65
2021-04-27 10:51:55,158 INFO o.a.j.t.JMeterThread: Thread finished: Thread Group 1-65
2021-04-27 10:51:55,159 INFO o.a.j.t.JMeterThread: Thread is done: Thread Group 1-49
2021-04-27 10:51:55,159 INFO o.a.j.t.JMeterThread: Thread finished: Thread Group 1-49
2021-04-27 10:51:55,159 INFO o.a.j.t.JMeterThread: Thread started: Thread Group 1-155
2021-04-27 10:51:55,160 INFO o.a.j.t.JMeterThread: Thread is done: Thread Group 1-9
2021-04-27 10:51:55,160 INFO o.a.j.t.JMeterThread: Thread finished: Thread Group 1-9
2021-04-27 10:51:55,161 INFO o.a.j.t.JMeterThread: Thread started: Thread Group 1-156
2021-04-27 10:51:55,162 INFO o.a.j.t.JMeterThread: Thread is done: Thread Group 1-77
2021-04-27 10:51:55,162 INFO o.a.j.t.JMeterThread: Thread finished: Thread Group 1-77
2021-04-27 10:51:55,162 INFO o.a.j.t.JMeterThread: Thread is done: Thread Group 1-34
2021-04-27 10:51:55,162 INFO o.a.j.t.JMeterThread: Thread is done: Thread Group 1-48
2021-04-27 10:51:55,162 INFO o.a.j.t.JMeterThread: Thread finished: Thread Group 1-34
2021-04-27 10:51:55,163 INFO o.a.j.t.JMeterThread: Thread finished: Thread Group 1-48
2021-04-27 10:51:55,163 INFO o.a.j.t.JMeterThread: Thread started: Thread Group 1-157
2021-04-27 10:51:55,164 INFO o.a.j.t.JMeterThread: Thread is done: Thread Group 1-76
2021-04-27 10:51:55,164 INFO o.a.j.t.JMeterThread: Thread finished: Thread Group 1-76
2021-04-27 10:51:55,164 INFO o.a.j.t.JMeterThread: Thread is done: Thread Group 1-39
2021-04-27 10:51:55,164 INFO o.a.j.t.JMeterThread: Thread finished: Thread Group 1-39
2021-04-27 10:51:55,165 INFO o.a.j.t.JMeterThread: Thread is done: Thread Group 1-2
2021-04-27 10:51:55,165 INFO o.a.j.t.JMeterThread: Thread finished: Thread Group 1-2
2021-04-27 10:51:55,165 INFO o.a.j.t.JMeterThread: Thread is done: Thread Group 1-72
2021-04-27 10:51:55,165 INFO o.a.j.t.JMeterThread: Thread finished: Thread Group 1-72
2021-04-27 10:51:55,164 INFO o.a.j.t.JMeterThread: Thread is done: Thread Group 1-14
2021-04-27 10:51:55,166 INFO o.a.j.t.JMeterThread: Thread finished: Thread Group 1-14
2021-04-27 10:51:55,161 INFO o.a.j.t.JMeterThread: Thread is done: Thread Group 1-12
2021-04-27 10:51:55,166 INFO o.a.j.t.JMeterThread: Thread finished: Thread Group 1-12
2021-04-27 10:51:55,167 INFO o.a.j.t.JMeterThread: Thread started: Thread Group 1-158
2021-04-27 10:51:55,170 INFO o.a.j.t.JMeterThread: Thread is done: Thread Group 1-44
2021-04-27 10:51:55,170 INFO o.a.j.t.JMeterThread: Thread is done: Thread Group 1-25
2021-04-27 10:51:55,170 INFO o.a.j.t.JMeterThread: Thread finished: Thread Group 1-44
2021-04-27 10:51:55,170 INFO o.a.j.t.JMeterThread: Thread finished: Thread Group 1-25
2021-04-27 10:51:55,170 INFO o.a.j.t.JMeterThread: Thread is done: Thread Group 1-1
2021-04-27 10:51:55,170 INFO o.a.j.t.JMeterThread: Thread finished: Thread Group 1-1
2021-04-27 10:51:55,170 INFO o.a.j.t.JMeterThread: Thread is done: Thread Group 1-8
2021-04-27 10:51:55,170 INFO o.a.j.t.JMeterThread: Thread finished: Thread Group 1-8
2021-04-27 10:51:55,172 INFO o.a.j.t.JMeterThread: Thread started: Thread Group 1-147
2021-04-27 10:51:55,172 INFO o.a.j.t.JMeterThread: Thread started: Thread Group 1-161
2021-04-27 10:51:55,173 INFO o.a.j.t.JMeterThread: Thread is done: Thread Group 1-78
2021-04-27 10:51:55,174 INFO o.a.j.t.JMeterThread: Thread finished: Thread Group 1-78
2021-04-27 10:51:55,174 INFO o.a.j.t.JMeterThread: Thread started: Thread Group 1-160
2021-04-27 10:51:55,175 INFO o.a.j.t.JMeterThread: Thread started: Thread Group 1-159
2021-04-27 10:51:55,175 INFO o.a.j.t.JMeterThread: Thread is done: Thread Group 1-29
2021-04-27 10:51:55,176 INFO o.a.j.t.JMeterThread: Thread is done: Thread Group 1-31
2021-04-27 10:51:55,176 INFO o.a.j.t.JMeterThread: Thread is done: Thread Group 1-41
2021-04-27 10:51:55,176 INFO o.a.j.t.JMeterThread: Thread finished: Thread Group 1-41
2021-04-27 10:51:55,177 INFO o.a.j.t.JMeterThread: Thread finished: Thread Group 1-31
2021-04-27 10:51:55,175 INFO o.a.j.t.JMeterThread: Thread finished: Thread Group 1-29
2021-04-27 10:51:55,179 INFO o.a.j.t.JMeterThread: Thread is done: Thread Group 1-68
2021-04-27 10:51:55,179 INFO o.a.j.t.JMeterThread: Thread is done: Thread Group 1-7
2021-04-27 10:51:55,179 INFO o.a.j.t.JMeterThread: Thread finished: Thread Group 1-68
2021-04-27 10:51:55,179 INFO o.a.j.t.JMeterThread: Thread finished: Thread Group 1-7
2021-04-27 10:51:55,180 INFO o.a.j.t.JMeterThread: Thread started: Thread Group 1-162
2021-04-27 10:51:55,180 INFO o.a.j.t.JMeterThread: Thread is done: Thread Group 1-26
2021-04-27 10:51:55,180 INFO o.a.j.t.JMeterThread: Thread finished: Thread Group 1-26
2021-04-27 10:51:55,180 INFO o.a.j.t.JMeterThread: Thread is done: Thread Group 1-35
2021-04-27 10:51:55,180 INFO o.a.j.t.JMeterThread: Thread is done: Thread Group 1-33
2021-04-27 10:51:55,180 INFO o.a.j.t.JMeterThread: Thread finished: Thread Group 1-35
2021-04-27 10:51:55,180 INFO o.a.j.t.JMeterThread: Thread finished: Thread Group 1-33
2021-04-27 10:51:55,181 INFO o.a.j.t.JMeterThread: Thread is done: Thread Group 1-6
2021-04-27 10:51:55,181 INFO o.a.j.t.JMeterThread: Thread finished: Thread Group 1-6
2021-04-27 10:51:55,181 INFO o.a.j.t.JMeterThread: Thread is done: Thread Group 1-36
2021-04-27 10:51:55,181 INFO o.a.j.t.JMeterThread: Thread finished: Thread Group 1-36
2021-04-27 10:51:55,182 INFO o.a.j.t.JMeterThread: Thread is done: Thread Group 1-43
2021-04-27 10:51:55,182 INFO o.a.j.t.JMeterThread: Thread finished: Thread Group 1-43
2021-04-27 10:51:55,183 INFO o.a.j.t.JMeterThread: Thread started: Thread Group 1-154
2021-04-27 10:51:55,183 INFO o.a.j.t.JMeterThread: Thread is done: Thread Group 1-54
2021-04-27 10:51:55,183 INFO o.a.j.t.JMeterThread: Thread finished: Thread Group 1-54
2021-04-27 10:51:55,184 INFO o.a.j.t.JMeterThread: Thread is done: Thread Group 1-18
2021-04-27 10:51:55,184 INFO o.a.j.t.JMeterThread: Thread finished: Thread Group 1-18
2021-04-27 10:51:55,185 INFO o.a.j.t.JMeterThread: Thread is done: Thread Group 1-79
2021-04-27 10:51:55,185 INFO o.a.j.t.JMeterThread: Thread is done: Thread Group 1-23
2021-04-27 10:51:55,185 INFO o.a.j.t.JMeterThread: Thread started: Thread Group 1-163
2021-04-27 10:51:55,185 INFO o.a.j.t.JMeterThread: Thread finished: Thread Group 1-79
2021-04-27 10:51:55,185 INFO o.a.j.t.JMeterThread: Thread finished: Thread Group 1-23
2021-04-27 10:51:55,186 INFO o.a.j.t.JMeterThread: Thread is done: Thread Group 1-10
2021-04-27 10:51:55,186 INFO o.a.j.t.JMeterThread: Thread finished: Thread Group 1-10
2021-04-27 10:51:55,186 INFO o.a.j.t.JMeterThread: Thread is done: Thread Group 1-45
2021-04-27 10:51:55,187 INFO o.a.j.t.JMeterThread: Thread is done: Thread Group 1-13
2021-04-27 10:51:55,187 INFO o.a.j.t.JMeterThread: Thread finished: Thread Group 1-13
2021-04-27 10:51:55,187 INFO o.a.j.t.JMeterThread: Thread is done: Thread Group 1-28
2021-04-27 10:51:55,187 INFO o.a.j.t.JMeterThread: Thread finished: Thread Group 1-28
2021-04-27 10:51:55,188 INFO o.a.j.t.JMeterThread: Thread is done: Thread Group 1-64
2021-04-27 10:51:55,188 INFO o.a.j.t.JMeterThread: Thread finished: Thread Group 1-64
2021-04-27 10:51:55,188 INFO o.a.j.t.JMeterThread: Thread is done: Thread Group 1-38
2021-04-27 10:51:55,188 INFO o.a.j.t.JMeterThread: Thread finished: Thread Group 1-38
2021-04-27 10:51:55,188 INFO o.a.j.t.JMeterThread: Thread started: Thread Group 1-165
2021-04-27 10:51:55,188 INFO o.a.j.t.JMeterThread: Thread is done: Thread Group 1-47
2021-04-27 10:51:55,189 INFO o.a.j.t.JMeterThread: Thread finished: Thread Group 1-47
2021-04-27 10:51:55,189 INFO o.a.j.t.JMeterThread: Thread finished: Thread Group 1-45
2021-04-27 10:51:55,199 INFO o.a.j.t.JMeterThread: Thread is done: Thread Group 1-3
2021-04-27 10:51:55,199 INFO o.a.j.t.JMeterThread: Thread finished: Thread Group 1-3
2021-04-27 10:51:55,201 INFO o.a.j.t.JMeterThread: Thread started: Thread Group 1-167
2021-04-27 10:51:55,201 INFO o.a.j.t.JMeterThread: Thread started: Thread Group 1-166
2021-04-27 10:51:55,203 INFO o.a.j.t.JMeterThread: Thread started: Thread Group 1-168
2021-04-27 10:51:55,203 INFO o.a.j.t.JMeterThread: Thread started: Thread Group 1-169
2021-04-27 10:51:55,206 INFO o.a.j.t.JMeterThread: Thread started: Thread Group 1-170
2021-04-27 10:51:55,207 INFO o.a.j.t.JMeterThread: Thread started: Thread Group 1-171
2021-04-27 10:51:55,213 INFO o.a.j.t.JMeterThread: Thread started: Thread Group 1-164
2021-04-27 10:51:55,213 INFO o.a.j.t.JMeterThread: Thread started: Thread Group 1-173
2021-04-27 10:51:55,212 INFO o.a.j.t.JMeterThread: Thread started: Thread Group 1-172
2021-04-27 10:51:55,214 INFO o.a.j.t.JMeterThread: Thread started: Thread Group 1-174
2021-04-27 10:51:55,233 INFO o.a.j.t.JMeterThread: Thread is done: Thread Group 1-22
2021-04-27 10:51:55,233 INFO o.a.j.t.JMeterThread: Thread finished: Thread Group 1-22
2021-04-27 10:51:55,234 INFO o.a.j.t.JMeterThread: Thread is done: Thread Group 1-81
2021-04-27 10:51:55,234 INFO o.a.j.t.JMeterThread: Thread started: Thread Group 1-175
2021-04-27 10:51:55,234 INFO o.a.j.t.JMeterThread: Thread finished: Thread Group 1-81
2021-04-27 10:51:55,233 INFO o.a.j.t.JMeterThread: Thread is done: Thread Group 1-30
2021-04-27 10:51:55,235 INFO o.a.j.t.JMeterThread: Thread finished: Thread Group 1-30
2021-04-27 10:51:55,235 INFO o.a.j.t.JMeterThread: Thread is done: Thread Group 1-21
2021-04-27 10:51:55,236 INFO o.a.j.t.JMeterThread: Thread finished: Thread Group 1-21
2021-04-27 10:51:55,236 INFO o.a.j.t.JMeterThread: Thread is done: Thread Group 1-20
2021-04-27 10:51:55,236 INFO o.a.j.t.JMeterThread: Thread finished: Thread Group 1-20
2021-04-27 10:51:55,237 INFO o.a.j.t.JMeterThread: Thread is done: Thread Group 1-19
2021-04-27 10:51:55,237 INFO o.a.j.t.JMeterThread: Thread finished: Thread Group 1-19
2021-04-27 10:51:55,236 INFO o.a.j.t.JMeterThread: Thread is done: Thread Group 1-83
2021-04-27 10:51:55,238 INFO o.a.j.t.JMeterThread: Thread finished: Thread Group 1-83
2021-04-27 10:51:55,238 INFO o.a.j.t.JMeterThread: Thread is done: Thread Group 1-66
2021-04-27 10:51:55,238 INFO o.a.j.t.JMeterThread: Thread finished: Thread Group 1-66
2021-04-27 10:51:55,239 INFO o.a.j.t.JMeterThread: Thread is done: Thread Group 1-67
2021-04-27 10:51:55,239 INFO o.a.j.t.JMeterThread: Thread finished: Thread Group 1-67
2021-04-27 10:51:55,239 INFO o.a.j.t.JMeterThread: Thread is done: Thread Group 1-80
2021-04-27 10:51:55,239 INFO o.a.j.t.JMeterThread: Thread finished: Thread Group 1-80
2021-04-27 10:51:55,240 INFO o.a.j.t.JMeterThread: Thread is done: Thread Group 1-4
2021-04-27 10:51:55,240 INFO o.a.j.t.JMeterThread: Thread is done: Thread Group 1-84
2021-04-27 10:51:55,240 INFO o.a.j.t.JMeterThread: Thread finished: Thread Group 1-4
2021-04-27 10:51:55,240 INFO o.a.j.t.JMeterThread: Thread is done: Thread Group 1-17
2021-04-27 10:51:55,240 INFO o.a.j.t.JMeterThread: Thread finished: Thread Group 1-17
2021-04-27 10:51:55,240 INFO o.a.j.t.JMeterThread: Thread is done: Thread Group 1-70
2021-04-27 10:51:55,240 INFO o.a.j.t.JMeterThread: Thread finished: Thread Group 1-70
2021-04-27 10:51:55,241 INFO o.a.j.t.JMeterThread: Thread is done: Thread Group 1-24
2021-04-27 10:51:55,241 INFO o.a.j.t.JMeterThread: Thread finished: Thread Group 1-24
2021-04-27 10:51:55,241 INFO o.a.j.t.JMeterThread: Thread is done: Thread Group 1-46
2021-04-27 10:51:55,241 INFO o.a.j.t.JMeterThread: Thread finished: Thread Group 1-46
2021-04-27 10:51:55,242 INFO o.a.j.t.JMeterThread: Thread is done: Thread Group 1-82
2021-04-27 10:51:55,242 INFO o.a.j.t.JMeterThread: Thread is done: Thread Group 1-11
2021-04-27 10:51:55,242 INFO o.a.j.t.JMeterThread: Thread finished: Thread Group 1-82
2021-04-27 10:51:55,242 INFO o.a.j.t.JMeterThread: Thread is done: Thread Group 1-27
2021-04-27 10:51:55,242 INFO o.a.j.t.JMeterThread: Thread finished: Thread Group 1-27
2021-04-27 10:51:55,240 INFO o.a.j.t.JMeterThread: Thread finished: Thread Group 1-84
2021-04-27 10:51:55,242 INFO o.a.j.t.JMeterThread: Thread finished: Thread Group 1-11
2021-04-27 10:51:55,242 INFO o.a.j.t.JMeterThread: Thread is done: Thread Group 1-42
2021-04-27 10:51:55,243 INFO o.a.j.t.JMeterThread: Thread finished: Thread Group 1-42
2021-04-27 10:51:55,243 INFO o.a.j.t.JMeterThread: Thread is done: Thread Group 1-32
2021-04-27 10:51:55,243 INFO o.a.j.t.JMeterThread: Thread is done: Thread Group 1-37
2021-04-27 10:51:55,243 INFO o.a.j.t.JMeterThread: Thread finished: Thread Group 1-32
2021-04-27 10:51:55,243 INFO o.a.j.t.JMeterThread: Thread finished: Thread Group 1-37
2021-04-27 10:51:55,252 INFO o.a.j.t.JMeterThread: Thread started: Thread Group 1-176
2021-04-27 10:51:55,260 INFO o.a.j.t.JMeterThread: Thread started: Thread Group 1-177
2021-04-27 10:51:55,266 INFO o.a.j.t.JMeterThread: Thread started: Thread Group 1-179
2021-04-27 10:51:55,267 INFO o.a.j.t.JMeterThread: Thread started: Thread Group 1-180
2021-04-27 10:51:55,269 INFO o.a.j.t.JMeterThread: Thread started: Thread Group 1-178
2021-04-27 10:51:55,272 INFO o.a.j.t.JMeterThread: Thread started: Thread Group 1-181
2021-04-27 10:51:55,277 INFO o.a.j.t.JMeterThread: Thread started: Thread Group 1-182
2021-04-27 10:51:55,283 INFO o.a.j.t.JMeterThread: Thread started: Thread Group 1-184
2021-04-27 10:51:55,283 INFO o.a.j.t.JMeterThread: Thread started: Thread Group 1-183
2021-04-27 10:51:55,289 INFO o.a.j.t.JMeterThread: Thread started: Thread Group 1-186
2021-04-27 10:51:55,289 INFO o.a.j.t.JMeterThread: Thread started: Thread Group 1-187
2021-04-27 10:51:55,289 INFO o.a.j.t.JMeterThread: Thread started: Thread Group 1-185
2021-04-27 10:51:55,295 INFO o.a.j.t.JMeterThread: Thread started: Thread Group 1-188
2021-04-27 10:51:55,296 INFO o.a.j.t.JMeterThread: Thread started: Thread Group 1-189
2021-04-27 10:51:55,307 INFO o.a.j.t.JMeterThread: Thread started: Thread Group 1-190
2021-04-27 10:51:55,310 INFO o.a.j.t.JMeterThread: Thread started: Thread Group 1-191
2021-04-27 10:51:55,315 INFO o.a.j.t.JMeterThread: Thread started: Thread Group 1-192
2021-04-27 10:51:55,320 INFO o.a.j.t.JMeterThread: Thread is done: Thread Group 1-85
2021-04-27 10:51:55,321 INFO o.a.j.t.JMeterThread: Thread finished: Thread Group 1-85
2021-04-27 10:51:55,324 INFO o.a.j.t.JMeterThread: Thread is done: Thread Group 1-86
2021-04-27 10:51:55,324 INFO o.a.j.t.JMeterThread: Thread finished: Thread Group 1-86
2021-04-27 10:51:55,327 INFO o.a.j.t.JMeterThread: Thread started: Thread Group 1-193
2021-04-27 10:51:55,332 INFO o.a.j.t.JMeterThread: Thread started: Thread Group 1-194
2021-04-27 10:51:55,340 INFO o.a.j.t.JMeterThread: Thread started: Thread Group 1-195
2021-04-27 10:51:55,346 INFO o.a.j.t.JMeterThread: Thread started: Thread Group 1-196
2021-04-27 10:51:55,353 INFO o.a.j.t.JMeterThread: Thread started: Thread Group 1-197
2021-04-27 10:51:55,361 INFO o.a.j.t.JMeterThread: Thread started: Thread Group 1-198
2021-04-27 10:51:55,362 INFO o.a.j.t.JMeterThread: Thread is done: Thread Group 1-87
2021-04-27 10:51:55,362 INFO o.a.j.t.JMeterThread: Thread finished: Thread Group 1-87
2021-04-27 10:51:55,369 INFO o.a.j.t.JMeterThread: Thread is done: Thread Group 1-101
2021-04-27 10:51:55,369 INFO o.a.j.t.JMeterThread: Thread finished: Thread Group 1-101
2021-04-27 10:51:55,370 INFO o.a.j.t.JMeterThread: Thread is done: Thread Group 1-97
2021-04-27 10:51:55,370 INFO o.a.j.t.JMeterThread: Thread finished: Thread Group 1-97
2021-04-27 10:51:55,369 INFO o.a.j.t.JMeterThread: Thread started: Thread Group 1-199
2021-04-27 10:51:55,372 INFO o.a.j.t.JMeterThread: Thread is done: Thread Group 1-95
2021-04-27 10:51:55,372 INFO o.a.j.t.JMeterThread: Thread is done: Thread Group 1-90
2021-04-27 10:51:55,372 INFO o.a.j.t.JMeterThread: Thread finished: Thread Group 1-90
2021-04-27 10:51:55,372 INFO o.a.j.t.JMeterThread: Thread finished: Thread Group 1-95
2021-04-27 10:51:55,375 INFO o.a.j.t.JMeterThread: Thread is done: Thread Group 1-94
2021-04-27 10:51:55,375 INFO o.a.j.t.JMeterThread: Thread finished: Thread Group 1-94
2021-04-27 10:51:55,378 INFO o.a.j.t.JMeterThread: Thread started: Thread Group 1-200
2021-04-27 10:51:55,383 INFO o.a.j.t.JMeterThread: Thread started: Thread Group 1-201
2021-04-27 10:51:55,388 INFO o.a.j.t.JMeterThread: Thread is done: Thread Group 1-89
2021-04-27 10:51:55,389 INFO o.a.j.t.JMeterThread: Thread finished: Thread Group 1-89
2021-04-27 10:51:55,389 INFO o.a.j.t.JMeterThread: Thread started: Thread Group 1-202
2021-04-27 10:51:55,395 INFO o.a.j.t.JMeterThread: Thread started: Thread Group 1-203
2021-04-27 10:51:55,401 INFO o.a.j.t.JMeterThread: Thread started: Thread Group 1-204
2021-04-27 10:51:55,407 INFO o.a.j.t.JMeterThread: Thread started: Thread Group 1-205
2021-04-27 10:51:55,410 INFO o.a.j.t.JMeterThread: Thread started: Thread Group 1-206
2021-04-27 10:51:55,412 INFO o.a.j.t.JMeterThread: Thread started: Thread Group 1-207
2021-04-27 10:51:55,413 INFO o.a.j.t.JMeterThread: Thread started: Thread Group 1-208
2021-04-27 10:51:55,428 INFO o.a.j.t.JMeterThread: Thread is done: Thread Group 1-88
2021-04-27 10:51:55,428 INFO o.a.j.t.JMeterThread: Thread finished: Thread Group 1-88
2021-04-27 10:51:55,431 INFO o.a.j.t.JMeterThread: Thread started: Thread Group 1-209
2021-04-27 10:51:55,437 INFO o.a.j.t.JMeterThread: Thread started: Thread Group 1-210
2021-04-27 10:51:55,444 INFO o.a.j.t.JMeterThread: Thread is done: Thread Group 1-100
2021-04-27 10:51:55,444 INFO o.a.j.t.JMeterThread: Thread finished: Thread Group 1-100
2021-04-27 10:51:55,446 INFO o.a.j.t.JMeterThread: Thread is done: Thread Group 1-109
2021-04-27 10:51:55,447 INFO o.a.j.t.JMeterThread: Thread finished: Thread Group 1-109
2021-04-27 10:51:55,447 INFO o.a.j.t.JMeterThread: Thread started: Thread Group 1-211
2021-04-27 10:51:55,448 INFO o.a.j.t.JMeterThread: Thread is done: Thread Group 1-99
2021-04-27 10:51:55,448 INFO o.a.j.t.JMeterThread: Thread finished: Thread Group 1-99
2021-04-27 10:51:55,449 INFO o.a.j.t.JMeterThread: Thread is done: Thread Group 1-96
2021-04-27 10:51:55,449 INFO o.a.j.t.JMeterThread: Thread finished: Thread Group 1-96
2021-04-27 10:51:55,449 INFO o.a.j.t.JMeterThread: Thread is done: Thread Group 1-112
2021-04-27 10:51:55,449 INFO o.a.j.t.JMeterThread: Thread finished: Thread Group 1-112
2021-04-27 10:51:55,450 INFO o.a.j.t.JMeterThread: Thread started: Thread Group 1-212
2021-04-27 10:51:55,451 INFO o.a.j.t.JMeterThread: Thread is done: Thread Group 1-114
2021-04-27 10:51:55,451 INFO o.a.j.t.JMeterThread: Thread is done: Thread Group 1-115
2021-04-27 10:51:55,451 INFO o.a.j.t.JMeterThread: Thread finished: Thread Group 1-114
2021-04-27 10:51:55,451 INFO o.a.j.t.JMeterThread: Thread is done: Thread Group 1-122
2021-04-27 10:51:55,452 INFO o.a.j.t.JMeterThread: Thread finished: Thread Group 1-122
2021-04-27 10:51:55,452 INFO o.a.j.t.JMeterThread: Thread is done: Thread Group 1-121
2021-04-27 10:51:55,452 INFO o.a.j.t.JMeterThread: Thread is done: Thread Group 1-110
2021-04-27 10:51:55,452 INFO o.a.j.t.JMeterThread: Thread finished: Thread Group 1-110
2021-04-27 10:51:55,452 INFO o.a.j.t.JMeterThread: Thread is done: Thread Group 1-124
2021-04-27 10:51:55,452 INFO o.a.j.t.JMeterThread: Thread is done: Thread Group 1-118
2021-04-27 10:51:55,451 INFO o.a.j.t.JMeterThread: Thread finished: Thread Group 1-115
2021-04-27 10:51:55,452 INFO o.a.j.t.JMeterThread: Thread finished: Thread Group 1-124
2021-04-27 10:51:55,453 INFO o.a.j.t.JMeterThread: Thread finished: Thread Group 1-118
2021-04-27 10:51:55,452 INFO o.a.j.t.JMeterThread: Thread finished: Thread Group 1-121
2021-04-27 10:51:55,454 INFO o.a.j.t.JMeterThread: Thread is done: Thread Group 1-127
2021-04-27 10:51:55,454 INFO o.a.j.t.JMeterThread: Thread is done: Thread Group 1-137
2021-04-27 10:51:55,454 INFO o.a.j.t.JMeterThread: Thread finished: Thread Group 1-137
2021-04-27 10:51:55,454 INFO o.a.j.t.JMeterThread: Thread is done: Thread Group 1-138
2021-04-27 10:51:55,454 INFO o.a.j.t.JMeterThread: Thread is done: Thread Group 1-133
2021-04-27 10:51:55,455 INFO o.a.j.t.JMeterThread: Thread finished: Thread Group 1-138
2021-04-27 10:51:55,455 INFO o.a.j.t.JMeterThread: Thread finished: Thread Group 1-133
2021-04-27 10:51:55,455 INFO o.a.j.t.JMeterThread: Thread is done: Thread Group 1-103
2021-04-27 10:51:55,456 INFO o.a.j.t.JMeterThread: Thread finished: Thread Group 1-103
2021-04-27 10:51:55,456 INFO o.a.j.t.JMeterThread: Thread finished: Thread Group 1-127
2021-04-27 10:51:55,457 INFO o.a.j.t.JMeterThread: Thread started: Thread Group 1-213
2021-04-27 10:51:55,459 INFO o.a.j.t.JMeterThread: Thread started: Thread Group 1-215
2021-04-27 10:51:55,460 INFO o.a.j.t.JMeterThread: Thread is done: Thread Group 1-136
2021-04-27 10:51:55,460 INFO o.a.j.t.JMeterThread: Thread finished: Thread Group 1-136
2021-04-27 10:51:55,461 INFO o.a.j.t.JMeterThread: Thread is done: Thread Group 1-106
2021-04-27 10:51:55,461 INFO o.a.j.t.JMeterThread: Thread finished: Thread Group 1-106
2021-04-27 10:51:55,459 INFO o.a.j.t.JMeterThread: Thread started: Thread Group 1-214
2021-04-27 10:51:55,468 INFO o.a.j.t.JMeterThread: Thread is done: Thread Group 1-108
2021-04-27 10:51:55,468 INFO o.a.j.t.JMeterThread: Thread started: Thread Group 1-216
2021-04-27 10:51:55,469 INFO o.a.j.t.JMeterThread: Thread finished: Thread Group 1-108
2021-04-27 10:51:55,469 INFO o.a.j.t.JMeterThread: Thread is done: Thread Group 1-107
2021-04-27 10:51:55,469 INFO o.a.j.t.JMeterThread: Thread is done: Thread Group 1-126
2021-04-27 10:51:55,469 INFO o.a.j.t.JMeterThread: Thread finished: Thread Group 1-107
2021-04-27 10:51:55,469 INFO o.a.j.t.JMeterThread: Thread finished: Thread Group 1-126
2021-04-27 10:51:55,469 INFO o.a.j.t.JMeterThread: Thread is done: Thread Group 1-117
2021-04-27 10:51:55,471 INFO o.a.j.t.JMeterThread: Thread finished: Thread Group 1-117
2021-04-27 10:51:55,470 INFO o.a.j.t.JMeterThread: Thread is done: Thread Group 1-147
2021-04-27 10:51:55,471 INFO o.a.j.t.JMeterThread: Thread finished: Thread Group 1-147
2021-04-27 10:51:55,472 INFO o.a.j.t.JMeterThread: Thread is done: Thread Group 1-116
2021-04-27 10:51:55,472 INFO o.a.j.t.JMeterThread: Thread is done: Thread Group 1-105
2021-04-27 10:51:55,473 INFO o.a.j.t.JMeterThread: Thread finished: Thread Group 1-105
2021-04-27 10:51:55,473 INFO o.a.j.t.JMeterThread: Thread is done: Thread Group 1-130
2021-04-27 10:51:55,473 INFO o.a.j.t.JMeterThread: Thread is done: Thread Group 1-129
2021-04-27 10:51:55,473 INFO o.a.j.t.JMeterThread: Thread finished: Thread Group 1-129
2021-04-27 10:51:55,473 INFO o.a.j.t.JMeterThread: Thread finished: Thread Group 1-116
2021-04-27 10:51:55,473 INFO o.a.j.t.JMeterThread: Thread finished: Thread Group 1-130
2021-04-27 10:51:55,476 INFO o.a.j.t.JMeterThread: Thread is done: Thread Group 1-125
2021-04-27 10:51:55,477 INFO o.a.j.t.JMeterThread: Thread finished: Thread Group 1-125
2021-04-27 10:51:55,477 INFO o.a.j.t.JMeterThread: Thread is done: Thread Group 1-134
2021-04-27 10:51:55,477 INFO o.a.j.t.JMeterThread: Thread finished: Thread Group 1-134
2021-04-27 10:51:55,478 INFO o.a.j.t.JMeterThread: Thread is done: Thread Group 1-92
2021-04-27 10:51:55,478 INFO o.a.j.t.JMeterThread: Thread finished: Thread Group 1-92
2021-04-27 10:51:55,479 INFO o.a.j.t.JMeterThread: Thread is done: Thread Group 1-141
2021-04-27 10:51:55,481 INFO o.a.j.t.JMeterThread: Thread finished: Thread Group 1-141
2021-04-27 10:51:55,470 INFO o.a.j.t.JMeterThread: Thread is done: Thread Group 1-93
2021-04-27 10:51:55,481 INFO o.a.j.t.JMeterThread: Thread finished: Thread Group 1-93
2021-04-27 10:51:55,470 INFO o.a.j.t.JMeterThread: Thread is done: Thread Group 1-111
2021-04-27 10:51:55,482 INFO o.a.j.t.JMeterThread: Thread finished: Thread Group 1-111
2021-04-27 10:51:55,470 INFO o.a.j.t.JMeterThread: Thread is done: Thread Group 1-149
2021-04-27 10:51:55,483 INFO o.a.j.t.JMeterThread: Thread finished: Thread Group 1-149
2021-04-27 10:51:55,480 INFO o.a.j.t.JMeterThread: Thread is done: Thread Group 1-135
2021-04-27 10:51:55,483 INFO o.a.j.t.JMeterThread: Thread finished: Thread Group 1-135
2021-04-27 10:51:55,480 INFO o.a.j.t.JMeterThread: Thread is done: Thread Group 1-104
2021-04-27 10:51:55,484 INFO o.a.j.t.JMeterThread: Thread finished: Thread Group 1-104
2021-04-27 10:51:55,480 INFO o.a.j.t.JMeterThread: Thread is done: Thread Group 1-144
2021-04-27 10:51:55,484 INFO o.a.j.t.JMeterThread: Thread finished: Thread Group 1-144
2021-04-27 10:51:55,480 INFO o.a.j.t.JMeterThread: Thread is done: Thread Group 1-131
2021-04-27 10:51:55,485 INFO o.a.j.t.JMeterThread: Thread finished: Thread Group 1-131
2021-04-27 10:51:55,480 INFO o.a.j.t.JMeterThread: Thread is done: Thread Group 1-98
2021-04-27 10:51:55,485 INFO o.a.j.t.JMeterThread: Thread finished: Thread Group 1-98
2021-04-27 10:51:55,480 INFO o.a.j.t.JMeterThread: Thread is done: Thread Group 1-163
2021-04-27 10:51:55,485 INFO o.a.j.t.JMeterThread: Thread finished: Thread Group 1-163
2021-04-27 10:51:55,479 INFO o.a.j.t.JMeterThread: Thread is done: Thread Group 1-157
2021-04-27 10:51:55,486 INFO o.a.j.t.JMeterThread: Thread finished: Thread Group 1-157
2021-04-27 10:51:55,479 INFO o.a.j.t.JMeterThread: Thread is done: Thread Group 1-143
2021-04-27 10:51:55,487 INFO o.a.j.t.JMeterThread: Thread finished: Thread Group 1-143
2021-04-27 10:51:55,479 INFO o.a.j.t.JMeterThread: Thread is done: Thread Group 1-145
2021-04-27 10:51:55,488 INFO o.a.j.t.JMeterThread: Thread finished: Thread Group 1-145
2021-04-27 10:51:55,492 INFO o.a.j.t.JMeterThread: Thread started: Thread Group 1-220
2021-04-27 10:51:55,488 INFO o.a.j.t.JMeterThread: Thread started: Thread Group 1-217
2021-04-27 10:51:55,495 INFO o.a.j.t.JMeterThread: Thread is done: Thread Group 1-160
2021-04-27 10:51:55,495 INFO o.a.j.t.JMeterThread: Thread is done: Thread Group 1-161
2021-04-27 10:51:55,495 INFO o.a.j.t.JMeterThread: Thread finished: Thread Group 1-161
2021-04-27 10:51:55,495 INFO o.a.j.t.JMeterThread: Thread finished: Thread Group 1-160
2021-04-27 10:51:55,495 INFO o.a.j.t.JMeterThread: Thread is done: Thread Group 1-162
2021-04-27 10:51:55,495 INFO o.a.j.t.JMeterThread: Thread finished: Thread Group 1-162
2021-04-27 10:51:55,495 INFO o.a.j.t.JMeterThread: Thread is done: Thread Group 1-150
2021-04-27 10:51:55,495 INFO o.a.j.t.JMeterThread: Thread is done: Thread Group 1-155
2021-04-27 10:51:55,495 INFO o.a.j.t.JMeterThread: Thread finished: Thread Group 1-155
2021-04-27 10:51:55,496 INFO o.a.j.t.JMeterThread: Thread is done: Thread Group 1-169
2021-04-27 10:51:55,496 INFO o.a.j.t.JMeterThread: Thread finished: Thread Group 1-169
2021-04-27 10:51:55,496 INFO o.a.j.t.JMeterThread: Thread is done: Thread Group 1-151
2021-04-27 10:51:55,496 INFO o.a.j.t.JMeterThread: Thread finished: Thread Group 1-151
2021-04-27 10:51:55,497 INFO o.a.j.t.JMeterThread: Thread is done: Thread Group 1-168
2021-04-27 10:51:55,497 INFO o.a.j.t.JMeterThread: Thread finished: Thread Group 1-168
2021-04-27 10:51:55,497 INFO o.a.j.t.JMeterThread: Thread is done: Thread Group 1-159
2021-04-27 10:51:55,497 INFO o.a.j.t.JMeterThread: Thread is done: Thread Group 1-148
2021-04-27 10:51:55,497 INFO o.a.j.t.JMeterThread: Thread is done: Thread Group 1-165
2021-04-27 10:51:55,497 INFO o.a.j.t.JMeterThread: Thread finished: Thread Group 1-159
2021-04-27 10:51:55,497 INFO o.a.j.t.JMeterThread: Thread finished: Thread Group 1-148
2021-04-27 10:51:55,497 INFO o.a.j.t.JMeterThread: Thread finished: Thread Group 1-165
2021-04-27 10:51:55,498 INFO o.a.j.t.JMeterThread: Thread is done: Thread Group 1-167
2021-04-27 10:51:55,498 INFO o.a.j.t.JMeterThread: Thread is done: Thread Group 1-154
2021-04-27 10:51:55,498 INFO o.a.j.t.JMeterThread: Thread finished: Thread Group 1-167
2021-04-27 10:51:55,498 INFO o.a.j.t.JMeterThread: Thread finished: Thread Group 1-150
2021-04-27 10:51:55,498 INFO o.a.j.t.JMeterThread: Thread finished: Thread Group 1-154
2021-04-27 10:51:55,501 INFO o.a.j.t.JMeterThread: Thread is done: Thread Group 1-158
2021-04-27 10:51:55,501 INFO o.a.j.t.JMeterThread: Thread finished: Thread Group 1-158
2021-04-27 10:51:55,506 INFO o.a.j.t.JMeterThread: Thread is done: Thread Group 1-174
2021-04-27 10:51:55,506 INFO o.a.j.t.JMeterThread: Thread is done: Thread Group 1-164
2021-04-27 10:51:55,506 INFO o.a.j.t.JMeterThread: Thread finished: Thread Group 1-174
2021-04-27 10:51:55,507 INFO o.a.j.t.JMeterThread: Thread is done: Thread Group 1-156
2021-04-27 10:51:55,507 INFO o.a.j.t.JMeterThread: Thread finished: Thread Group 1-164
2021-04-27 10:51:55,507 INFO o.a.j.t.JMeterThread: Thread finished: Thread Group 1-156
2021-04-27 10:51:55,507 INFO o.a.j.t.JMeterThread: Thread is done: Thread Group 1-166
2021-04-27 10:51:55,507 INFO o.a.j.t.JMeterThread: Thread finished: Thread Group 1-166
2021-04-27 10:51:55,508 INFO o.a.j.t.JMeterThread: Thread started: Thread Group 1-219
2021-04-27 10:51:55,508 INFO o.a.j.t.JMeterThread: Thread started: Thread Group 1-221
2021-04-27 10:51:55,511 INFO o.a.j.t.JMeterThread: Thread started: Thread Group 1-218
2021-04-27 10:51:55,511 INFO o.a.j.t.JMeterThread: Thread started: Thread Group 1-222
2021-04-27 10:51:55,513 INFO o.a.j.t.JMeterThread: Thread started: Thread Group 1-223
2021-04-27 10:51:55,517 INFO o.a.j.t.JMeterThread: Thread started: Thread Group 1-224
2021-04-27 10:51:55,518 INFO o.a.j.t.JMeterThread: Thread is done: Thread Group 1-173
2021-04-27 10:51:55,519 INFO o.a.j.t.JMeterThread: Thread finished: Thread Group 1-173
2021-04-27 10:51:55,518 INFO o.a.j.t.JMeterThread: Thread is done: Thread Group 1-170
2021-04-27 10:51:55,520 INFO o.a.j.t.JMeterThread: Thread finished: Thread Group 1-170
2021-04-27 10:51:55,520 INFO o.a.j.t.JMeterThread: Thread is done: Thread Group 1-172
2021-04-27 10:51:55,520 INFO o.a.j.t.JMeterThread: Thread finished: Thread Group 1-172
2021-04-27 10:51:55,518 INFO o.a.j.t.JMeterThread: Thread is done: Thread Group 1-91
2021-04-27 10:51:55,520 INFO o.a.j.t.JMeterThread: Thread finished: Thread Group 1-91
2021-04-27 10:51:55,520 INFO o.a.j.t.JMeterThread: Thread is done: Thread Group 1-146
2021-04-27 10:51:55,520 INFO o.a.j.t.JMeterThread: Thread finished: Thread Group 1-146
2021-04-27 10:51:55,521 INFO o.a.j.t.JMeterThread: Thread is done: Thread Group 1-171
2021-04-27 10:51:55,521 INFO o.a.j.t.JMeterThread: Thread finished: Thread Group 1-171
2021-04-27 10:51:55,521 INFO o.a.j.t.JMeterThread: Thread is done: Thread Group 1-175
2021-04-27 10:51:55,521 INFO o.a.j.t.JMeterThread: Thread finished: Thread Group 1-175
2021-04-27 10:51:55,522 INFO o.a.j.t.JMeterThread: Thread started: Thread Group 1-225
2021-04-27 10:51:55,523 INFO o.a.j.t.JMeterThread: Thread is done: Thread Group 1-102
2021-04-27 10:51:55,523 INFO o.a.j.t.JMeterThread: Thread started: Thread Group 1-226
2021-04-27 10:51:55,524 INFO o.a.j.t.JMeterThread: Thread finished: Thread Group 1-102
2021-04-27 10:51:55,527 INFO o.a.j.t.JMeterThread: Thread started: Thread Group 1-229
2021-04-27 10:51:55,528 INFO o.a.j.t.JMeterThread: Thread started: Thread Group 1-227
2021-04-27 10:51:55,528 INFO o.a.j.t.JMeterThread: Thread started: Thread Group 1-228
2021-04-27 10:51:55,533 INFO o.a.j.t.JMeterThread: Thread started: Thread Group 1-231
2021-04-27 10:51:55,535 INFO o.a.j.t.JMeterThread: Thread started: Thread Group 1-230
2021-04-27 10:51:55,547 INFO o.a.j.t.JMeterThread: Thread started: Thread Group 1-232
2021-04-27 10:51:55,547 INFO o.a.j.t.JMeterThread: Thread started: Thread Group 1-233
2021-04-27 10:51:55,552 INFO o.a.j.t.JMeterThread: Thread is done: Thread Group 1-176
2021-04-27 10:51:55,552 INFO o.a.j.t.JMeterThread: Thread finished: Thread Group 1-176
2021-04-27 10:51:55,556 INFO o.a.j.t.JMeterThread: Thread started: Thread Group 1-234
2021-04-27 10:51:55,556 INFO o.a.j.t.JMeterThread: Thread started: Thread Group 1-235
2021-04-27 10:51:55,556 INFO o.a.j.t.JMeterThread: Thread started: Thread Group 1-236
2021-04-27 10:51:55,567 INFO o.a.j.t.JMeterThread: Thread started: Thread Group 1-238
2021-04-27 10:51:55,568 INFO o.a.j.t.JMeterThread: Thread started: Thread Group 1-237
2021-04-27 10:51:55,580 INFO o.a.j.t.JMeterThread: Thread started: Thread Group 1-240
2021-04-27 10:51:55,583 INFO o.a.j.t.JMeterThread: Thread started: Thread Group 1-239
2021-04-27 10:51:55,591 INFO o.a.j.t.JMeterThread: Thread started: Thread Group 1-241
2021-04-27 10:51:55,599 INFO o.a.j.t.JMeterThread: Thread started: Thread Group 1-242
2021-04-27 10:51:55,607 INFO o.a.j.t.JMeterThread: Thread started: Thread Group 1-243
2021-04-27 10:51:55,612 INFO o.a.j.t.JMeterThread: Thread started: Thread Group 1-244
2021-04-27 10:51:55,617 INFO o.a.j.t.JMeterThread: Thread started: Thread Group 1-245
2021-04-27 10:51:55,622 INFO o.a.j.t.JMeterThread: Thread started: Thread Group 1-246
2021-04-27 10:51:55,627 INFO o.a.j.t.JMeterThread: Thread started: Thread Group 1-247
2021-04-27 10:51:55,632 INFO o.a.j.t.JMeterThread: Thread started: Thread Group 1-248
2021-04-27 10:51:55,635 INFO o.a.j.t.JMeterThread: Thread started: Thread Group 1-249
2021-04-27 10:51:55,637 INFO o.a.j.t.JMeterThread: Thread started: Thread Group 1-250
2021-04-27 10:51:55,640 INFO o.a.j.t.JMeterThread: Thread started: Thread Group 1-251
2021-04-27 10:51:55,643 INFO o.a.j.t.JMeterThread: Thread started: Thread Group 1-252
2021-04-27 10:51:55,650 INFO o.a.j.t.JMeterThread: Thread started: Thread Group 1-253
2021-04-27 10:51:55,650 INFO o.a.j.t.JMeterThread: Thread started: Thread Group 1-254
2021-04-27 10:51:55,659 INFO o.a.j.t.JMeterThread: Thread is done: Thread Group 1-177
2021-04-27 10:51:55,659 INFO o.a.j.t.JMeterThread: Thread finished: Thread Group 1-177
2021-04-27 10:51:55,660 INFO o.a.j.t.JMeterThread: Thread is done: Thread Group 1-180
2021-04-27 10:51:55,660 INFO o.a.j.t.JMeterThread: Thread finished: Thread Group 1-180
2021-04-27 10:51:55,659 INFO o.a.j.t.JMeterThread: Thread started: Thread Group 1-255
2021-04-27 10:51:55,663 INFO o.a.j.t.JMeterThread: Thread started: Thread Group 1-256
2021-04-27 10:51:55,664 INFO o.a.j.t.JMeterThread: Thread is done: Thread Group 1-181
2021-04-27 10:51:55,664 INFO o.a.j.t.JMeterThread: Thread finished: Thread Group 1-181
2021-04-27 10:51:55,668 INFO o.a.j.t.JMeterThread: Thread started: Thread Group 1-257
2021-04-27 10:51:55,669 INFO o.a.j.t.JMeterThread: Thread started: Thread Group 1-258
2021-04-27 10:51:55,670 INFO o.a.j.t.JMeterThread: Thread is done: Thread Group 1-184
2021-04-27 10:51:55,670 INFO o.a.j.t.JMeterThread: Thread finished: Thread Group 1-184
2021-04-27 10:51:55,675 INFO o.a.j.t.JMeterThread: Thread is done: Thread Group 1-185
2021-04-27 10:51:55,675 INFO o.a.j.t.JMeterThread: Thread finished: Thread Group 1-185
2021-04-27 10:51:55,678 INFO o.a.j.t.JMeterThread: Thread is done: Thread Group 1-183
2021-04-27 10:51:55,679 INFO o.a.j.t.JMeterThread: Thread is done: Thread Group 1-190
2021-04-27 10:51:55,679 INFO o.a.j.t.JMeterThread: Thread finished: Thread Group 1-190
2021-04-27 10:51:55,679 INFO o.a.j.t.JMeterThread: Thread finished: Thread Group 1-183
2021-04-27 10:51:55,683 INFO o.a.j.t.JMeterThread: Thread is done: Thread Group 1-178
2021-04-27 10:51:55,684 INFO o.a.j.t.JMeterThread: Thread finished: Thread Group 1-178
2021-04-27 10:51:55,684 INFO o.a.j.t.JMeterThread: Thread started: Thread Group 1-260
2021-04-27 10:51:55,687 INFO o.a.j.t.JMeterThread: Thread started: Thread Group 1-259
2021-04-27 10:51:55,687 INFO o.a.j.t.JMeterThread: Thread started: Thread Group 1-262
2021-04-27 10:51:55,690 INFO o.a.j.t.JMeterThread: Thread is done: Thread Group 1-189
2021-04-27 10:51:55,690 INFO o.a.j.t.JMeterThread: Thread finished: Thread Group 1-189
2021-04-27 10:51:55,691 INFO o.a.j.t.JMeterThread: Thread started: Thread Group 1-261
2021-04-27 10:51:55,694 INFO o.a.j.t.JMeterThread: Thread started: Thread Group 1-263
2021-04-27 10:51:55,695 INFO o.a.j.t.JMeterThread: Thread is done: Thread Group 1-188
2021-04-27 10:51:55,695 INFO o.a.j.t.JMeterThread: Thread finished: Thread Group 1-188
2021-04-27 10:51:55,701 INFO o.a.j.t.JMeterThread: Thread is done: Thread Group 1-179
2021-04-27 10:51:55,702 INFO o.a.j.t.JMeterThread: Thread finished: Thread Group 1-179
2021-04-27 10:51:55,702 INFO o.a.j.t.JMeterThread: Thread is done: Thread Group 1-182
2021-04-27 10:51:55,702 INFO o.a.j.t.JMeterThread: Thread finished: Thread Group 1-182
2021-04-27 10:51:55,706 INFO o.a.j.t.JMeterThread: Thread started: Thread Group 1-264
2021-04-27 10:51:55,708 INFO o.a.j.t.JMeterThread: Thread is done: Thread Group 1-191
2021-04-27 10:51:55,708 INFO o.a.j.t.JMeterThread: Thread finished: Thread Group 1-191
2021-04-27 10:51:55,711 INFO o.a.j.t.JMeterThread: Thread is done: Thread Group 1-193
2021-04-27 10:51:55,712 INFO o.a.j.t.JMeterThread: Thread finished: Thread Group 1-193
2021-04-27 10:51:55,713 INFO o.a.j.t.JMeterThread: Thread started: Thread Group 1-265
2021-04-27 10:51:55,714 INFO o.a.j.t.JMeterThread: Thread is done: Thread Group 1-192
2021-04-27 10:51:55,714 INFO o.a.j.t.JMeterThread: Thread finished: Thread Group 1-192
2021-04-27 10:51:55,715 INFO o.a.j.t.JMeterThread: Thread is done: Thread Group 1-194
2021-04-27 10:51:55,715 INFO o.a.j.t.JMeterThread: Thread finished: Thread Group 1-194
2021-04-27 10:51:55,717 INFO o.a.j.t.JMeterThread: Thread is done: Thread Group 1-187
2021-04-27 10:51:55,717 INFO o.a.j.t.JMeterThread: Thread finished: Thread Group 1-187
2021-04-27 10:51:55,719 INFO o.a.j.t.JMeterThread: Thread is done: Thread Group 1-186
2021-04-27 10:51:55,719 INFO o.a.j.t.JMeterThread: Thread is done: Thread Group 1-195
2021-04-27 10:51:55,719 INFO o.a.j.t.JMeterThread: Thread finished: Thread Group 1-186
2021-04-27 10:51:55,720 INFO o.a.j.t.JMeterThread: Thread finished: Thread Group 1-195
2021-04-27 10:51:55,722 INFO o.a.j.t.JMeterThread: Thread started: Thread Group 1-266
2021-04-27 10:51:55,728 INFO o.a.j.t.JMeterThread: Thread started: Thread Group 1-267
2021-04-27 10:51:55,733 INFO o.a.j.t.JMeterThread: Thread started: Thread Group 1-268
2021-04-27 10:51:55,736 INFO o.a.j.t.JMeterThread: Thread is done: Thread Group 1-200
2021-04-27 10:51:55,736 INFO o.a.j.t.JMeterThread: Thread is done: Thread Group 1-196
2021-04-27 10:51:55,736 INFO o.a.j.t.JMeterThread: Thread finished: Thread Group 1-200
2021-04-27 10:51:55,736 INFO o.a.j.t.JMeterThread: Thread finished: Thread Group 1-196
2021-04-27 10:51:55,743 INFO o.a.j.t.JMeterThread: Thread started: Thread Group 1-269
2021-04-27 10:51:55,748 INFO o.a.j.t.JMeterThread: Thread started: Thread Group 1-270
2021-04-27 10:51:55,751 INFO o.a.j.t.JMeterThread: Thread started: Thread Group 1-271
2021-04-27 10:51:55,756 INFO o.a.j.t.JMeterThread: Thread started: Thread Group 1-274
2021-04-27 10:51:55,756 INFO o.a.j.t.JMeterThread: Thread started: Thread Group 1-272
2021-04-27 10:51:55,756 INFO o.a.j.t.JMeterThread: Thread started: Thread Group 1-273
2021-04-27 10:51:55,766 INFO o.a.j.t.JMeterThread: Thread started: Thread Group 1-275
2021-04-27 10:51:55,773 INFO o.a.j.t.JMeterThread: Thread started: Thread Group 1-276
2021-04-27 10:51:55,775 INFO o.a.j.t.JMeterThread: Thread is done: Thread Group 1-203
2021-04-27 10:51:55,776 INFO o.a.j.t.JMeterThread: Thread finished: Thread Group 1-203
2021-04-27 10:51:55,776 INFO o.a.j.t.JMeterThread: Thread is done: Thread Group 1-197
2021-04-27 10:51:55,776 INFO o.a.j.t.JMeterThread: Thread finished: Thread Group 1-197
2021-04-27 10:51:55,777 INFO o.a.j.t.JMeterThread: Thread is done: Thread Group 1-198
2021-04-27 10:51:55,777 INFO o.a.j.t.JMeterThread: Thread finished: Thread Group 1-198
2021-04-27 10:51:55,778 INFO o.a.j.t.JMeterThread: Thread is done: Thread Group 1-202
2021-04-27 10:51:55,780 INFO o.a.j.t.JMeterThread: Thread finished: Thread Group 1-202
2021-04-27 10:51:55,783 INFO o.a.j.t.JMeterThread: Thread is done: Thread Group 1-201
2021-04-27 10:51:55,783 INFO o.a.j.t.JMeterThread: Thread finished: Thread Group 1-201
2021-04-27 10:51:55,784 INFO o.a.j.t.JMeterThread: Thread started: Thread Group 1-277
2021-04-27 10:51:55,785 INFO o.a.j.t.JMeterThread: Thread is done: Thread Group 1-204
2021-04-27 10:51:55,785 INFO o.a.j.t.JMeterThread: Thread finished: Thread Group 1-204
2021-04-27 10:51:55,785 INFO o.a.j.t.JMeterThread: Thread is done: Thread Group 1-206
2021-04-27 10:51:55,786 INFO o.a.j.t.JMeterThread: Thread finished: Thread Group 1-206
2021-04-27 10:51:55,786 INFO o.a.j.t.JMeterThread: Thread is done: Thread Group 1-207
2021-04-27 10:51:55,787 INFO o.a.j.t.JMeterThread: Thread is done: Thread Group 1-218
2021-04-27 10:51:55,787 INFO o.a.j.t.JMeterThread: Thread finished: Thread Group 1-207
2021-04-27 10:51:55,787 INFO o.a.j.t.JMeterThread: Thread finished: Thread Group 1-218
2021-04-27 10:51:55,788 INFO o.a.j.t.JMeterThread: Thread is done: Thread Group 1-214
2021-04-27 10:51:55,788 INFO o.a.j.t.JMeterThread: Thread finished: Thread Group 1-214
2021-04-27 10:51:55,791 INFO o.a.j.t.JMeterThread: Thread is done: Thread Group 1-216
2021-04-27 10:51:55,791 INFO o.a.j.t.JMeterThread: Thread is done: Thread Group 1-223
2021-04-27 10:51:55,791 INFO o.a.j.t.JMeterThread: Thread finished: Thread Group 1-216
2021-04-27 10:51:55,791 INFO o.a.j.t.JMeterThread: Thread finished: Thread Group 1-223
2021-04-27 10:51:55,792 INFO o.a.j.t.JMeterThread: Thread is done: Thread Group 1-211
2021-04-27 10:51:55,792 INFO o.a.j.t.JMeterThread: Thread is done: Thread Group 1-222
2021-04-27 10:51:55,792 INFO o.a.j.t.JMeterThread: Thread finished: Thread Group 1-222
2021-04-27 10:51:55,792 INFO o.a.j.t.JMeterThread: Thread is done: Thread Group 1-221
2021-04-27 10:51:55,792 INFO o.a.j.t.JMeterThread: Thread is done: Thread Group 1-220
2021-04-27 10:51:55,792 INFO o.a.j.t.JMeterThread: Thread finished: Thread Group 1-220
2021-04-27 10:51:55,792 INFO o.a.j.t.JMeterThread: Thread finished: Thread Group 1-211
2021-04-27 10:51:55,793 INFO o.a.j.t.JMeterThread: Thread finished: Thread Group 1-221
2021-04-27 10:51:55,794 INFO o.a.j.t.JMeterThread: Thread is done: Thread Group 1-226
2021-04-27 10:51:55,794 INFO o.a.j.t.JMeterThread: Thread finished: Thread Group 1-226
2021-04-27 10:51:55,794 INFO o.a.j.t.JMeterThread: Thread started: Thread Group 1-278
2021-04-27 10:51:55,794 INFO o.a.j.t.JMeterThread: Thread is done: Thread Group 1-209
2021-04-27 10:51:55,794 INFO o.a.j.t.JMeterThread: Thread is done: Thread Group 1-219
2021-04-27 10:51:55,794 INFO o.a.j.t.JMeterThread: Thread finished: Thread Group 1-209
2021-04-27 10:51:55,795 INFO o.a.j.t.JMeterThread: Thread is done: Thread Group 1-217
2021-04-27 10:51:55,795 INFO o.a.j.t.JMeterThread: Thread finished: Thread Group 1-217
2021-04-27 10:51:55,795 INFO o.a.j.t.JMeterThread: Thread finished: Thread Group 1-219
2021-04-27 10:51:55,795 INFO o.a.j.t.JMeterThread: Thread is done: Thread Group 1-225
2021-04-27 10:51:55,795 INFO o.a.j.t.JMeterThread: Thread finished: Thread Group 1-225
2021-04-27 10:51:55,796 INFO o.a.j.t.JMeterThread: Thread is done: Thread Group 1-227
2021-04-27 10:51:55,795 INFO o.a.j.t.JMeterThread: Thread is done: Thread Group 1-224
2021-04-27 10:51:55,796 INFO o.a.j.t.JMeterThread: Thread finished: Thread Group 1-227
2021-04-27 10:51:55,796 INFO o.a.j.t.JMeterThread: Thread finished: Thread Group 1-224
2021-04-27 10:51:55,796 INFO o.a.j.t.JMeterThread: Thread is done: Thread Group 1-231
2021-04-27 10:51:55,796 INFO o.a.j.t.JMeterThread: Thread is done: Thread Group 1-232
2021-04-27 10:51:55,796 INFO o.a.j.t.JMeterThread: Thread is done: Thread Group 1-228
2021-04-27 10:51:55,797 INFO o.a.j.t.JMeterThread: Thread finished: Thread Group 1-231
2021-04-27 10:51:55,797 INFO o.a.j.t.JMeterThread: Thread finished: Thread Group 1-232
2021-04-27 10:51:55,797 INFO o.a.j.t.JMeterThread: Thread finished: Thread Group 1-228
2021-04-27 10:51:55,798 INFO o.a.j.t.JMeterThread: Thread is done: Thread Group 1-235
2021-04-27 10:51:55,798 INFO o.a.j.t.JMeterThread: Thread is done: Thread Group 1-230
2021-04-27 10:51:55,798 INFO o.a.j.t.JMeterThread: Thread finished: Thread Group 1-235
2021-04-27 10:51:55,798 INFO o.a.j.t.JMeterThread: Thread finished: Thread Group 1-230
2021-04-27 10:51:55,798 INFO o.a.j.t.JMeterThread: Thread started: Thread Group 1-279
2021-04-27 10:51:55,798 INFO o.a.j.t.JMeterThread: Thread started: Thread Group 1-280
2021-04-27 10:51:55,803 INFO o.a.j.t.JMeterThread: Thread started: Thread Group 1-282
2021-04-27 10:51:55,804 INFO o.a.j.t.JMeterThread: Thread is done: Thread Group 1-234
2021-04-27 10:51:55,804 INFO o.a.j.t.JMeterThread: Thread finished: Thread Group 1-234
2021-04-27 10:51:55,804 INFO o.a.j.t.JMeterThread: Thread is done: Thread Group 1-229
2021-04-27 10:51:55,804 INFO o.a.j.t.JMeterThread: Thread finished: Thread Group 1-229
2021-04-27 10:51:55,804 INFO o.a.j.t.JMeterThread: Thread started: Thread Group 1-281
2021-04-27 10:51:55,807 INFO o.a.j.t.JMeterThread: Thread is done: Thread Group 1-236
2021-04-27 10:51:55,807 INFO o.a.j.t.JMeterThread: Thread finished: Thread Group 1-236
2021-04-27 10:51:55,812 INFO o.a.j.t.JMeterThread: Thread is done: Thread Group 1-237
2021-04-27 10:51:55,812 INFO o.a.j.t.JMeterThread: Thread finished: Thread Group 1-237
2021-04-27 10:51:55,814 INFO o.a.j.t.JMeterThread: Thread is done: Thread Group 1-238
2021-04-27 10:51:55,815 INFO o.a.j.t.JMeterThread: Thread finished: Thread Group 1-238
2021-04-27 10:51:55,818 INFO o.a.j.t.JMeterThread: Thread started: Thread Group 1-283
2021-04-27 10:51:55,823 INFO o.a.j.t.JMeterThread: Thread started: Thread Group 1-284
2021-04-27 10:51:55,834 INFO o.a.j.t.JMeterThread: Thread started: Thread Group 1-285
2021-04-27 10:51:55,834 INFO o.a.j.t.JMeterThread: Thread started: Thread Group 1-286
2021-04-27 10:51:55,843 INFO o.a.j.t.JMeterThread: Thread started: Thread Group 1-287
2021-04-27 10:51:55,843 INFO o.a.j.t.JMeterThread: Thread started: Thread Group 1-288
2021-04-27 10:51:55,846 INFO o.a.j.t.JMeterThread: Thread started: Thread Group 1-289
2021-04-27 10:51:55,852 INFO o.a.j.t.JMeterThread: Thread started: Thread Group 1-290
2021-04-27 10:51:55,860 INFO o.a.j.t.JMeterThread: Thread started: Thread Group 1-291
2021-04-27 10:51:55,871 INFO o.a.j.t.JMeterThread: Thread started: Thread Group 1-292
2021-04-27 10:51:55,872 INFO o.a.j.t.JMeterThread: Thread is done: Thread Group 1-244
2021-04-27 10:51:55,873 INFO o.a.j.t.JMeterThread: Thread finished: Thread Group 1-244
2021-04-27 10:51:55,873 INFO o.a.j.t.JMeterThread: Thread is done: Thread Group 1-243
2021-04-27 10:51:55,873 INFO o.a.j.t.JMeterThread: Thread finished: Thread Group 1-243
2021-04-27 10:51:55,874 INFO o.a.j.t.JMeterThread: Thread is done: Thread Group 1-242
2021-04-27 10:51:55,874 INFO o.a.j.t.JMeterThread: Thread finished: Thread Group 1-242
2021-04-27 10:51:55,874 INFO o.a.j.t.JMeterThread: Thread is done: Thread Group 1-239
2021-04-27 10:51:55,874 INFO o.a.j.t.JMeterThread: Thread finished: Thread Group 1-239
2021-04-27 10:51:55,874 INFO o.a.j.t.JMeterThread: Thread is done: Thread Group 1-241
2021-04-27 10:51:55,874 INFO o.a.j.t.JMeterThread: Thread finished: Thread Group 1-241
2021-04-27 10:51:55,875 INFO o.a.j.t.JMeterThread: Thread is done: Thread Group 1-240
2021-04-27 10:51:55,875 INFO o.a.j.t.JMeterThread: Thread finished: Thread Group 1-240
2021-04-27 10:51:55,878 INFO o.a.j.t.JMeterThread: Thread is done: Thread Group 1-215
2021-04-27 10:51:55,878 INFO o.a.j.t.JMeterThread: Thread finished: Thread Group 1-215
2021-04-27 10:51:55,907 INFO o.a.j.t.JMeterThread: Thread started: Thread Group 1-297
2021-04-27 10:51:55,908 INFO o.a.j.t.JMeterThread: Thread started: Thread Group 1-293
2021-04-27 10:51:55,908 INFO o.a.j.t.JMeterThread: Thread started: Thread Group 1-296
2021-04-27 10:51:55,908 INFO o.a.j.t.JMeterThread: Thread started: Thread Group 1-295
2021-04-27 10:51:55,911 INFO o.a.j.t.JMeterThread: Thread is done: Thread Group 1-233
2021-04-27 10:51:55,911 INFO o.a.j.t.JMeterThread: Thread finished: Thread Group 1-233
2021-04-27 10:51:55,914 INFO o.a.j.t.JMeterThread: Thread started: Thread Group 1-298
2021-04-27 10:51:55,920 INFO o.a.j.t.JMeterThread: Thread started: Thread Group 1-294
2021-04-27 10:51:55,920 INFO o.a.j.t.ThreadGroup: Started thread group number 1
2021-04-27 10:51:55,920 INFO o.a.j.e.StandardJMeterEngine: All thread groups have been started
2021-04-27 10:51:55,920 INFO o.a.j.t.JMeterThread: Thread started: Thread Group 1-300
2021-04-27 10:51:55,920 INFO o.a.j.t.JMeterThread: Thread started: Thread Group 1-299
2021-04-27 10:51:55,963 INFO o.a.j.t.JMeterThread: Thread is done: Thread Group 1-254
2021-04-27 10:51:55,964 INFO o.a.j.t.JMeterThread: Thread finished: Thread Group 1-254
2021-04-27 10:51:55,967 INFO o.a.j.t.JMeterThread: Thread is done: Thread Group 1-249
2021-04-27 10:51:55,967 INFO o.a.j.t.JMeterThread: Thread is done: Thread Group 1-250
2021-04-27 10:51:55,967 INFO o.a.j.t.JMeterThread: Thread finished: Thread Group 1-249
2021-04-27 10:51:55,967 INFO o.a.j.t.JMeterThread: Thread is done: Thread Group 1-245
2021-04-27 10:51:55,967 INFO o.a.j.t.JMeterThread: Thread is done: Thread Group 1-251
2021-04-27 10:51:55,967 INFO o.a.j.t.JMeterThread: Thread finished: Thread Group 1-245
2021-04-27 10:51:55,967 INFO o.a.j.t.JMeterThread: Thread finished: Thread Group 1-251
2021-04-27 10:51:55,968 INFO o.a.j.t.JMeterThread: Thread finished: Thread Group 1-250
2021-04-27 10:51:55,968 INFO o.a.j.t.JMeterThread: Thread is done: Thread Group 1-258
2021-04-27 10:51:55,968 INFO o.a.j.t.JMeterThread: Thread finished: Thread Group 1-258
2021-04-27 10:51:55,980 INFO o.a.j.t.JMeterThread: Thread is done: Thread Group 1-257
2021-04-27 10:51:55,980 INFO o.a.j.t.JMeterThread: Thread is done: Thread Group 1-246
2021-04-27 10:51:55,980 INFO o.a.j.t.JMeterThread: Thread is done: Thread Group 1-253
2021-04-27 10:51:55,980 INFO o.a.j.t.JMeterThread: Thread finished: Thread Group 1-253
2021-04-27 10:51:55,980 INFO o.a.j.t.JMeterThread: Thread finished: Thread Group 1-257
2021-04-27 10:51:55,980 INFO o.a.j.t.JMeterThread: Thread is done: Thread Group 1-252
2021-04-27 10:51:55,980 INFO o.a.j.t.JMeterThread: Thread finished: Thread Group 1-252
2021-04-27 10:51:55,980 INFO o.a.j.t.JMeterThread: Thread is done: Thread Group 1-248
2021-04-27 10:51:55,980 INFO o.a.j.t.JMeterThread: Thread is done: Thread Group 1-256
2021-04-27 10:51:55,980 INFO o.a.j.t.JMeterThread: Thread finished: Thread Group 1-248
2021-04-27 10:51:55,980 INFO o.a.j.t.JMeterThread: Thread finished: Thread Group 1-256
2021-04-27 10:51:55,981 INFO o.a.j.t.JMeterThread: Thread finished: Thread Group 1-246
2021-04-27 10:51:55,981 INFO o.a.j.t.JMeterThread: Thread is done: Thread Group 1-255
2021-04-27 10:51:55,981 INFO o.a.j.t.JMeterThread: Thread finished: Thread Group 1-255
2021-04-27 10:51:55,982 INFO o.a.j.t.JMeterThread: Thread is done: Thread Group 1-259
2021-04-27 10:51:55,982 INFO o.a.j.t.JMeterThread: Thread finished: Thread Group 1-259
2021-04-27 10:51:55,982 INFO o.a.j.t.JMeterThread: Thread is done: Thread Group 1-247
2021-04-27 10:51:55,982 INFO o.a.j.t.JMeterThread: Thread finished: Thread Group 1-247
2021-04-27 10:51:56,040 INFO o.a.j.t.JMeterThread: Thread is done: Thread Group 1-262
2021-04-27 10:51:56,040 INFO o.a.j.t.JMeterThread: Thread finished: Thread Group 1-262
2021-04-27 10:51:56,052 INFO o.a.j.t.JMeterThread: Thread is done: Thread Group 1-271
2021-04-27 10:51:56,052 INFO o.a.j.t.JMeterThread: Thread finished: Thread Group 1-271
2021-04-27 10:51:56,053 INFO o.a.j.t.JMeterThread: Thread is done: Thread Group 1-274
2021-04-27 10:51:56,053 INFO o.a.j.t.JMeterThread: Thread finished: Thread Group 1-274
2021-04-27 10:51:56,062 INFO o.a.j.t.JMeterThread: Thread is done: Thread Group 1-265
2021-04-27 10:51:56,062 INFO o.a.j.t.JMeterThread: Thread finished: Thread Group 1-265
2021-04-27 10:51:56,063 INFO o.a.j.t.JMeterThread: Thread is done: Thread Group 1-261
2021-04-27 10:51:56,063 INFO o.a.j.t.JMeterThread: Thread finished: Thread Group 1-261
2021-04-27 10:51:56,079 INFO o.a.j.t.JMeterThread: Thread is done: Thread Group 1-270
2021-04-27 10:51:56,079 INFO o.a.j.t.JMeterThread: Thread is done: Thread Group 1-268
2021-04-27 10:51:56,079 INFO o.a.j.t.JMeterThread: Thread finished: Thread Group 1-270
2021-04-27 10:51:56,080 INFO o.a.j.t.JMeterThread: Thread is done: Thread Group 1-275
2021-04-27 10:51:56,080 INFO o.a.j.t.JMeterThread: Thread finished: Thread Group 1-275
2021-04-27 10:51:56,080 INFO o.a.j.t.JMeterThread: Thread is done: Thread Group 1-280
2021-04-27 10:51:56,080 INFO o.a.j.t.JMeterThread: Thread finished: Thread Group 1-280
2021-04-27 10:51:56,080 INFO o.a.j.t.JMeterThread: Thread finished: Thread Group 1-268
2021-04-27 10:51:56,080 INFO o.a.j.t.JMeterThread: Thread is done: Thread Group 1-281
2021-04-27 10:51:56,080 INFO o.a.j.t.JMeterThread: Thread finished: Thread Group 1-281
2021-04-27 10:51:56,081 INFO o.a.j.t.JMeterThread: Thread is done: Thread Group 1-263
2021-04-27 10:51:56,081 INFO o.a.j.t.JMeterThread: Thread finished: Thread Group 1-263
2021-04-27 10:51:56,082 INFO o.a.j.t.JMeterThread: Thread is done: Thread Group 1-260
2021-04-27 10:51:56,082 INFO o.a.j.t.JMeterThread: Thread finished: Thread Group 1-260
2021-04-27 10:51:56,088 INFO o.a.j.t.JMeterThread: Thread is done: Thread Group 1-264
2021-04-27 10:51:56,088 INFO o.a.j.t.JMeterThread: Thread is done: Thread Group 1-272
2021-04-27 10:51:56,088 INFO o.a.j.t.JMeterThread: Thread finished: Thread Group 1-264
2021-04-27 10:51:56,088 INFO o.a.j.t.JMeterThread: Thread finished: Thread Group 1-272
2021-04-27 10:51:56,095 INFO o.a.j.t.JMeterThread: Thread is done: Thread Group 1-278
2021-04-27 10:51:56,095 INFO o.a.j.t.JMeterThread: Thread is done: Thread Group 1-276
2021-04-27 10:51:56,095 INFO o.a.j.t.JMeterThread: Thread finished: Thread Group 1-278
2021-04-27 10:51:56,095 INFO o.a.j.t.JMeterThread: Thread finished: Thread Group 1-276
2021-04-27 10:51:56,095 INFO o.a.j.t.JMeterThread: Thread is done: Thread Group 1-279
2021-04-27 10:51:56,095 INFO o.a.j.t.JMeterThread: Thread finished: Thread Group 1-279
2021-04-27 10:51:56,095 INFO o.a.j.t.JMeterThread: Thread is done: Thread Group 1-282
2021-04-27 10:51:56,095 INFO o.a.j.t.JMeterThread: Thread finished: Thread Group 1-282
2021-04-27 10:51:56,095 INFO o.a.j.t.JMeterThread: Thread is done: Thread Group 1-269
2021-04-27 10:51:56,095 INFO o.a.j.t.JMeterThread: Thread is done: Thread Group 1-273
2021-04-27 10:51:56,095 INFO o.a.j.t.JMeterThread: Thread finished: Thread Group 1-269
2021-04-27 10:51:56,095 INFO o.a.j.t.JMeterThread: Thread finished: Thread Group 1-273
2021-04-27 10:51:56,096 INFO o.a.j.t.JMeterThread: Thread is done: Thread Group 1-277
2021-04-27 10:51:56,096 INFO o.a.j.t.JMeterThread: Thread finished: Thread Group 1-277
2021-04-27 10:51:56,142 INFO o.a.j.t.JMeterThread: Thread is done: Thread Group 1-291
2021-04-27 10:51:56,142 INFO o.a.j.t.JMeterThread: Thread finished: Thread Group 1-291
2021-04-27 10:51:56,158 INFO o.a.j.t.JMeterThread: Thread is done: Thread Group 1-290
2021-04-27 10:51:56,158 INFO o.a.j.t.JMeterThread: Thread finished: Thread Group 1-290
2021-04-27 10:51:56,158 INFO o.a.j.t.JMeterThread: Thread is done: Thread Group 1-287
2021-04-27 10:51:56,159 INFO o.a.j.t.JMeterThread: Thread finished: Thread Group 1-287
2021-04-27 10:51:56,163 INFO o.a.j.t.JMeterThread: Thread is done: Thread Group 1-285
2021-04-27 10:51:56,163 INFO o.a.j.t.JMeterThread: Thread is done: Thread Group 1-283
2021-04-27 10:51:56,163 INFO o.a.j.t.JMeterThread: Thread finished: Thread Group 1-285
2021-04-27 10:51:56,163 INFO o.a.j.t.JMeterThread: Thread finished: Thread Group 1-283
2021-04-27 10:51:56,166 INFO o.a.j.t.JMeterThread: Thread is done: Thread Group 1-288
2021-04-27 10:51:56,166 INFO o.a.j.t.JMeterThread: Thread finished: Thread Group 1-288
2021-04-27 10:51:56,169 INFO o.a.j.t.JMeterThread: Thread is done: Thread Group 1-286
2021-04-27 10:51:56,169 INFO o.a.j.t.JMeterThread: Thread is done: Thread Group 1-289
2021-04-27 10:51:56,169 INFO o.a.j.t.JMeterThread: Thread finished: Thread Group 1-286
2021-04-27 10:51:56,169 INFO o.a.j.t.JMeterThread: Thread finished: Thread Group 1-289
2021-04-27 10:51:56,169 INFO o.a.j.t.JMeterThread: Thread is done: Thread Group 1-284
2021-04-27 10:51:56,170 INFO o.a.j.t.JMeterThread: Thread finished: Thread Group 1-284
2021-04-27 10:51:56,209 INFO o.a.j.t.JMeterThread: Thread is done: Thread Group 1-292
2021-04-27 10:51:56,210 INFO o.a.j.t.JMeterThread: Thread finished: Thread Group 1-292
2021-04-27 10:51:56,210 INFO o.a.j.t.JMeterThread: Thread is done: Thread Group 1-295
2021-04-27 10:51:56,210 INFO o.a.j.t.JMeterThread: Thread finished: Thread Group 1-295
2021-04-27 10:51:56,211 INFO o.a.j.t.JMeterThread: Thread is done: Thread Group 1-296
2021-04-27 10:51:56,211 INFO o.a.j.t.JMeterThread: Thread finished: Thread Group 1-296
2021-04-27 10:51:56,212 INFO o.a.j.t.JMeterThread: Thread is done: Thread Group 1-297
2021-04-27 10:51:56,213 INFO o.a.j.t.JMeterThread: Thread is done: Thread Group 1-298
2021-04-27 10:51:56,213 INFO o.a.j.t.JMeterThread: Thread finished: Thread Group 1-297
2021-04-27 10:51:56,213 INFO o.a.j.t.JMeterThread: Thread finished: Thread Group 1-298
2021-04-27 10:51:56,213 INFO o.a.j.t.JMeterThread: Thread is done: Thread Group 1-293
2021-04-27 10:51:56,213 INFO o.a.j.t.JMeterThread: Thread finished: Thread Group 1-293
2021-04-27 10:51:56,323 INFO o.a.j.t.JMeterThread: Thread is done: Thread Group 1-113
2021-04-27 10:51:56,323 INFO o.a.j.t.JMeterThread: Thread is done: Thread Group 1-294
2021-04-27 10:51:56,323 INFO o.a.j.t.JMeterThread: Thread finished: Thread Group 1-113
2021-04-27 10:51:56,323 INFO o.a.j.t.JMeterThread: Thread finished: Thread Group 1-294
2021-04-27 10:51:56,354 INFO o.a.j.t.JMeterThread: Thread is done: Thread Group 1-120
2021-04-27 10:51:56,355 INFO o.a.j.t.JMeterThread: Thread finished: Thread Group 1-120
2021-04-27 10:51:56,355 INFO o.a.j.t.JMeterThread: Thread is done: Thread Group 1-300
2021-04-27 10:51:56,356 INFO o.a.j.t.JMeterThread: Thread finished: Thread Group 1-300
2021-04-27 10:51:56,355 INFO o.a.j.t.JMeterThread: Thread is done: Thread Group 1-119
2021-04-27 10:51:56,356 INFO o.a.j.t.JMeterThread: Thread finished: Thread Group 1-119
2021-04-27 10:51:56,355 INFO o.a.j.t.JMeterThread: Thread is done: Thread Group 1-299
2021-04-27 10:51:56,356 INFO o.a.j.t.JMeterThread: Thread finished: Thread Group 1-299
2021-04-27 10:51:56,381 INFO o.a.j.t.JMeterThread: Thread is done: Thread Group 1-123
2021-04-27 10:51:56,381 INFO o.a.j.t.JMeterThread: Thread finished: Thread Group 1-123
2021-04-27 10:51:56,387 INFO o.a.j.t.JMeterThread: Thread is done: Thread Group 1-132
2021-04-27 10:51:56,387 INFO o.a.j.t.JMeterThread: Thread is done: Thread Group 1-142
2021-04-27 10:51:56,387 INFO o.a.j.t.JMeterThread: Thread is done: Thread Group 1-139
2021-04-27 10:51:56,387 INFO o.a.j.t.JMeterThread: Thread finished: Thread Group 1-142
2021-04-27 10:51:56,387 INFO o.a.j.t.JMeterThread: Thread finished: Thread Group 1-132
2021-04-27 10:51:56,387 INFO o.a.j.t.JMeterThread: Thread finished: Thread Group 1-139
2021-04-27 10:51:56,388 INFO o.a.j.t.JMeterThread: Thread is done: Thread Group 1-140
2021-04-27 10:51:56,388 INFO o.a.j.t.JMeterThread: Thread finished: Thread Group 1-140
2021-04-27 10:51:56,407 INFO o.a.j.t.JMeterThread: Thread is done: Thread Group 1-153
2021-04-27 10:51:56,407 INFO o.a.j.t.JMeterThread: Thread finished: Thread Group 1-153
2021-04-27 10:51:56,417 INFO o.a.j.t.JMeterThread: Thread is done: Thread Group 1-152
2021-04-27 10:51:56,417 INFO o.a.j.t.JMeterThread: Thread finished: Thread Group 1-152
2021-04-27 10:51:56,619 INFO o.a.j.t.JMeterThread: Thread is done: Thread Group 1-199
2021-04-27 10:51:56,619 INFO o.a.j.t.JMeterThread: Thread finished: Thread Group 1-199
2021-04-27 10:51:56,660 INFO o.a.j.t.JMeterThread: Thread is done: Thread Group 1-208
2021-04-27 10:51:56,660 INFO o.a.j.t.JMeterThread: Thread finished: Thread Group 1-208
2021-04-27 10:51:56,663 INFO o.a.j.t.JMeterThread: Thread is done: Thread Group 1-128
2021-04-27 10:51:56,664 INFO o.a.j.t.JMeterThread: Thread finished: Thread Group 1-128
2021-04-27 10:51:56,672 INFO o.a.j.t.JMeterThread: Thread is done: Thread Group 1-205
2021-04-27 10:51:56,672 INFO o.a.j.t.JMeterThread: Thread finished: Thread Group 1-205
2021-04-27 10:51:56,697 INFO o.a.j.t.JMeterThread: Thread is done: Thread Group 1-212
2021-04-27 10:51:56,697 INFO o.a.j.t.JMeterThread: Thread finished: Thread Group 1-212
2021-04-27 10:51:56,698 INFO o.a.j.t.JMeterThread: Thread is done: Thread Group 1-210
2021-04-27 10:51:56,698 INFO o.a.j.t.JMeterThread: Thread finished: Thread Group 1-210
2021-04-27 10:51:56,718 INFO o.a.j.t.JMeterThread: Thread is done: Thread Group 1-213
2021-04-27 10:51:56,718 INFO o.a.j.t.JMeterThread: Thread finished: Thread Group 1-213
2021-04-27 10:51:56,973 INFO o.a.j.t.JMeterThread: Thread is done: Thread Group 1-266
2021-04-27 10:51:56,973 INFO o.a.j.t.JMeterThread: Thread finished: Thread Group 1-266
2021-04-27 10:51:56,982 INFO o.a.j.t.JMeterThread: Thread is done: Thread Group 1-267
2021-04-27 10:51:56,982 INFO o.a.j.t.JMeterThread: Thread finished: Thread Group 1-267
2021-04-27 10:51:56,983 INFO o.a.j.e.StandardJMeterEngine: Notifying test listeners of end of test
2021-04-27 10:51:56,984 INFO k.a.j.PluginsCMDWorker: Using JMeterPluginsCMD v. N/A
2021-04-27 10:51:56,990 WARN k.a.j.JMeterPluginsUtils: JMeter env exists. No one should see this normally.
2021-04-27 10:51:56,991 WARN o.a.j.e.StandardJMeterEngine: Error encountered during shutdown of kg.apc.jmeter.listener.GraphsGeneratorListener@2873500a
java.lang.RuntimeException: java.lang.ClassNotFoundException: kg.apc.jmeter.vizualizers.SynthesisReportGui
	at kg.apc.jmeter.PluginsCMDWorker.getGUIObject(PluginsCMDWorker.java:237) ~[jmeter-plugins-cmd-2.2.jar:?]
	at kg.apc.jmeter.PluginsCMDWorker.getGUIObject(PluginsCMDWorker.java:234) ~[jmeter-plugins-cmd-2.2.jar:?]
	at kg.apc.jmeter.PluginsCMDWorker.setPluginType(PluginsCMDWorker.java:73) ~[jmeter-plugins-cmd-2.2.jar:?]
	at kg.apc.jmeter.listener.GraphsGeneratorListener.testEnded(GraphsGeneratorListener.java:221) ~[jmeter-plugins-graphs-ggl-2.0.jar:?]
	at kg.apc.jmeter.listener.GraphsGeneratorListener.testEnded(GraphsGeneratorListener.java:137) ~[jmeter-plugins-graphs-ggl-2.0.jar:?]
	at org.apache.jmeter.engine.StandardJMeterEngine.notifyTestListenersOfEnd(StandardJMeterEngine.java:218) [ApacheJMeter_core.jar:5.4.1]
	at org.apache.jmeter.engine.StandardJMeterEngine.run(StandardJMeterEngine.java:493) [ApacheJMeter_core.jar:5.4.1]
	at java.lang.Thread.run(Thread.java:834) [?:?]
Caused by: java.lang.ClassNotFoundException: kg.apc.jmeter.vizualizers.SynthesisReportGui
	at java.net.URLClassLoader.findClass(URLClassLoader.java:471) ~[?:?]
	at java.lang.ClassLoader.loadClass(ClassLoader.java:589) ~[?:?]
	at java.lang.ClassLoader.loadClass(ClassLoader.java:522) ~[?:?]
	at java.lang.Class.forName0(Native Method) ~[?:?]
	at java.lang.Class.forName(Class.java:315) ~[?:?]
	at kg.apc.jmeter.PluginsCMDWorker.getGUIObject(PluginsCMDWorker.java:227) ~[jmeter-plugins-cmd-2.2.jar:?]
	... 7 more
2021-04-27 10:51:57,002 INFO o.a.j.g.u.JMeterMenuBar: setRunning(false, *local*)
